Log file open, 02/10/23 17:16:34
LogWindows: Failed to load 'aqProf.dll' (GetLastError=126)
LogWindows: File 'aqProf.dll' does not exist
LogWindows: Failed to load 'VtuneApi.dll' (GetLastError=126)
LogWindows: File 'VtuneApi.dll' does not exist
LogWindows: Failed to load 'VtuneApi32e.dll' (GetLastError=126)
LogWindows: File 'VtuneApi32e.dll' does not exist
LogConsoleResponse: Display: Failed to find resolution value strings in scalability ini. Falling back to default.
LogConsoleResponse: Display: Failed to find resolution value strings in scalability ini. Falling back to default.
LogInit: Display: Running engine for game: tatakugame
LogPlatformFile: Not using cached read wrapper
LogTaskGraph: Started task graph with 5 named threads and 47 total threads with 3 sets of task threads.
LogStats: Stats thread started at 1.218713
LogICUInternationalization: ICU TimeZone Detection - Raw Offset: +9:00, Platform Override: ''
LogInit: Display: Loading text-based GConfig....
LogPluginManager: Mounting plugin MeshPainting
LogPluginManager: Mounting plugin XGEController
LogPluginManager: Mounting plugin Paper2D
LogPluginManager: Mounting plugin LiveLink
LogPluginManager: Mounting plugin AISupport
LogPluginManager: Mounting plugin EnvironmentQueryEditor
LogPluginManager: Mounting plugin GameplayCameras
LogPluginManager: Mounting plugin LightPropagationVolume
LogPluginManager: Mounting plugin DatasmithContent
LogPluginManager: Mounting plugin CameraShakePreviewer
LogPluginManager: Mounting plugin AssetManagerEditor
LogPluginManager: Mounting plugin CryptoKeys
LogPluginManager: Mounting plugin CurveEditorTools
LogPluginManager: Mounting plugin DataValidation
LogPluginManager: Mounting plugin FacialAnimation
LogPluginManager: Mounting plugin GameplayTagsEditor
LogPluginManager: Mounting plugin VariantManagerContent
LogPluginManager: Mounting plugin GeometryMode
LogPluginManager: Mounting plugin MacGraphicsSwitching
LogPluginManager: Mounting plugin MaterialAnalyzer
LogPluginManager: Mounting plugin MobileLauncherProfileWizard
LogPluginManager: Mounting plugin PluginBrowser
LogPluginManager: Mounting plugin AnimationSharing
LogPluginManager: Mounting plugin CodeLiteSourceCodeAccess
LogPluginManager: Mounting plugin CLionSourceCodeAccess
LogPluginManager: Mounting plugin SpeedTreeImporter
LogPluginManager: Mounting plugin GitSourceControl
LogPluginManager: Mounting plugin NullSourceCodeAccess
LogPluginManager: Mounting plugin KDevelopSourceCodeAccess
LogPluginManager: Mounting plugin PixWinPlugin
LogPluginManager: Mounting plugin PerforceSourceControl
LogPluginManager: Mounting plugin PluginUtils
LogPluginManager: Mounting plugin PropertyAccessNode
LogPluginManager: Mounting plugin PlasticSourceControl
LogPluginManager: Mounting plugin RiderSourceCodeAccess
LogPluginManager: Mounting plugin SubversionSourceControl
LogPluginManager: Mounting plugin TextureFormatOodle
LogPluginManager: Mounting plugin UObjectPlugin
LogPluginManager: Mounting plugin XCodeSourceCodeAccess
LogPluginManager: Mounting plugin Niagara
LogPluginManager: Mounting plugin VisualStudioCodeSourceCodeAccess
LogPluginManager: Mounting plugin VisualStudioSourceCodeAccess
LogPluginManager: Mounting plugin AlembicImporter
LogPluginManager: Mounting plugin AutomationUtils
LogPluginManager: Mounting plugin BackChannel
LogPluginManager: Mounting plugin ChaosClothEditor
LogPluginManager: Mounting plugin ChaosCloth
LogPluginManager: Mounting plugin ChaosEditor
LogPluginManager: Mounting plugin ChaosNiagara
LogPluginManager: Mounting plugin ChaosSolverPlugin
LogPluginManager: Mounting plugin CharacterAI
LogPluginManager: Mounting plugin GeometryCache
LogPluginManager: Mounting plugin GeometryCollectionPlugin
LogPluginManager: Mounting plugin GeometryProcessing
LogPluginManager: Mounting plugin MotoSynth
LogPluginManager: Mounting plugin OpenImageDenoise
LogPluginManager: Mounting plugin PlanarCut
LogPluginManager: Mounting plugin PlatformCrypto
LogPluginManager: Mounting plugin PythonScriptPlugin
LogPluginManager: Mounting plugin ProxyLODPlugin
LogPluginManager: Mounting plugin SkeletalReduction
LogPluginManager: Mounting plugin LuminPlatformFeatures
LogPluginManager: Mounting plugin MagicLeap
LogPluginManager: Mounting plugin MagicLeapMedia
LogPluginManager: Mounting plugin MagicLeapLightEstimation
LogPluginManager: Mounting plugin MagicLeapPassableWorld
LogPluginManager: Mounting plugin MLSDK
LogPluginManager: Mounting plugin AndroidMedia
LogPluginManager: Mounting plugin AvfMedia
LogPluginManager: Mounting plugin ImgMedia
LogPluginManager: Mounting plugin MediaCompositing
LogPluginManager: Mounting plugin MediaPlayerEditor
LogPluginManager: Mounting plugin WebMMedia
LogPluginManager: Mounting plugin TcpMessaging
LogPluginManager: Mounting plugin UdpMessaging
LogPluginManager: Mounting plugin WmfMedia
LogPluginManager: Mounting plugin ActorSequence
LogPluginManager: Mounting plugin LevelSequenceEditor
LogPluginManager: Mounting plugin MatineeToLevelSequence
LogPluginManager: Mounting plugin TemplateSequence
LogPluginManager: Mounting plugin OnlineSubsystem
LogPluginManager: Mounting plugin OnlineSubsystemNull
LogPluginManager: Mounting plugin OnlineSubsystemUtils
LogPluginManager: Mounting plugin LauncherChunkInstaller
LogPluginManager: Mounting plugin ActorLayerUtilities
LogPluginManager: Mounting plugin AndroidPermission
LogPluginManager: Mounting plugin AndroidDeviceProfileSelector
LogPluginManager: Mounting plugin AndroidMoviePlayer
LogPluginManager: Mounting plugin AppleImageUtils
LogPluginManager: Mounting plugin AppleMoviePlayer
LogPluginManager: Mounting plugin ArchVisCharacter
LogPluginManager: Mounting plugin AudioCapture
LogPluginManager: Mounting plugin AssetTags
LogPluginManager: Mounting plugin AudioSynesthesia
LogPluginManager: Mounting plugin CableComponent
LogPluginManager: Mounting plugin ChunkDownloader
LogPluginManager: Mounting plugin CustomMeshComponent
LogPluginManager: Mounting plugin EditableMesh
LogPluginManager: Mounting plugin ExampleDeviceProfileSelector
LogPluginManager: Mounting plugin GoogleCloudMessaging
LogPluginManager: Mounting plugin GooglePAD
LogPluginManager: Mounting plugin ScreenshotTools
LogPluginManager: Mounting plugin IOSDeviceProfileSelector
LogPluginManager: Mounting plugin LinuxDeviceProfileSelector
LogPluginManager: Mounting plugin LocationServicesBPLibrary
LogPluginManager: Mounting plugin MobilePatchingUtils
LogPluginManager: Mounting plugin OpenXREyeTracker
LogPluginManager: Mounting plugin OpenXR
LogPluginManager: Mounting plugin OpenXRHandTracking
LogPluginManager: Mounting plugin PhysXVehicles
LogPluginManager: Mounting plugin PostSplashScreen
LogPluginManager: Mounting plugin ProceduralMeshComponent
LogPluginManager: Mounting plugin PropertyAccessEditor
LogPluginManager: Mounting plugin RuntimePhysXCooking
LogPluginManager: Mounting plugin SignificanceManager
LogPluginManager: Mounting plugin SoundFields
LogPluginManager: Mounting plugin Synthesis
LogPluginManager: Mounting plugin WebMMoviePlayer
LogPluginManager: Mounting plugin WindowsMoviePlayer
LogPluginManager: Mounting plugin Takes
LogPluginManager: Mounting plugin OodleData
LogPluginManager: Mounting plugin OodleNetwork
LogPluginManager: Mounting plugin ContentBrowserAssetDataSource
LogPluginManager: Mounting plugin ContentBrowserClassDataSource
LogPluginManager: Mounting plugin ContentBrowserFileDataSource
LogPluginManager: Mounting plugin OnlineSubsystemGooglePlay
LogPluginManager: Mounting plugin OnlineSubsystemIOS
LogPluginManager: Mounting plugin OculusVR
LogPluginManager: Mounting plugin SteamVR
PixWinPlugin: PIX capture plugin failed to initialize! Check that the process is launched from PIX.
LogInit: Using libcurl 7.55.1-DEV
LogInit:  - built for x86_64-pc-win32
LogInit:  - supports SSL with OpenSSL/1.1.1
LogInit:  - supports HTTP deflate (compression) using libz 1.2.8
LogInit:  - other features:
LogInit:      CURL_VERSION_SSL
LogInit:      CURL_VERSION_LIBZ
LogInit:      CURL_VERSION_IPV6
LogInit:      CURL_VERSION_ASYNCHDNS
LogInit:      CURL_VERSION_LARGEFILE
LogInit:      CURL_VERSION_IDN
LogInit:  CurlRequestOptions (configurable via config and command line):
LogInit:  - bVerifyPeer = true  - Libcurl will verify peer certificate
LogInit:  - bUseHttpProxy = false  - Libcurl will NOT use HTTP proxy
LogInit:  - bDontReuseConnections = false  - Libcurl will reuse connections
LogInit:  - MaxHostConnections = 16  - Libcurl will limit the number of connections to a host
LogInit:  - LocalHostAddr = Default
LogInit:  - BufferSize = 65536
LogOnline: OSS: Creating online subsystem instance for: NULL
LogInit: WinSock: version 1.1 (2.2), MaxSocks=32767, MaxUdp=65467
LogOnline: OSS: TryLoadSubsystemAndSetDefault: Loaded subsystem for module [NULL]
LogOculusPluginWrapper: OculusPlugin initialized successfully
LogHMD: Failed initializing OVRPlugin 1.59.0
LogInit: Build: ++UE4+Release-4.27-CL-18319896
LogInit: Engine Version: 4.27.2-18319896+++UE4+Release-4.27
LogInit: Compatible Engine Version: 4.27.0-17155196+++UE4+Release-4.27
LogInit: Net CL: 17155196
LogInit: OS: Windows 10 (Release 2009) (), CPU: 11th Gen Intel(R) Core(TM) i7-11800H @ 2.30GHz, GPU: Intel(R) UHD Graphics
LogInit: Compiled (64-bit): Nov 30 2021 07:12:08
LogInit: Compiled with Visual C++: 19.24.28315.00
LogInit: Build Configuration: Development
LogInit: Branch Name: ++UE4+Release-4.27
LogInit: Command Line: 
LogInit: Base Directory: C:/Program Files/Epic Games/UE_4.27/Engine/Binaries/Win64/
LogInit: Allocator: TBB
LogInit: Installed Engine Build: 1
LogDevObjectVersion: Number of dev versions registered: 29
LogDevObjectVersion:   Dev-Blueprints (B0D832E4-1F89-4F0D-ACCF-7EB736FD4AA2): 10
LogDevObjectVersion:   Dev-Build (E1C64328-A22C-4D53-A36C-8E866417BD8C): 0
LogDevObjectVersion:   Dev-Core (375EC13C-06E4-48FB-B500-84F0262A717E): 4
LogDevObjectVersion:   Dev-Editor (E4B068ED-F494-42E9-A231-DA0B2E46BB41): 40
LogDevObjectVersion:   Dev-Framework (CFFC743F-43B0-4480-9391-14DF171D2073): 37
LogDevObjectVersion:   Dev-Mobile (B02B49B5-BB20-44E9-A304-32B752E40360): 3
LogDevObjectVersion:   Dev-Networking (A4E4105C-59A1-49B5-A7C5-40C4547EDFEE): 0
LogDevObjectVersion:   Dev-Online (39C831C9-5AE6-47DC-9A44-9C173E1C8E7C): 0
LogDevObjectVersion:   Dev-Physics (78F01B33-EBEA-4F98-B9B4-84EACCB95AA2): 14
LogDevObjectVersion:   Dev-Platform (6631380F-2D4D-43E0-8009-CF276956A95A): 0
LogDevObjectVersion:   Dev-Rendering (12F88B9F-8875-4AFC-A67C-D90C383ABD29): 45
LogDevObjectVersion:   Dev-Sequencer (7B5AE74C-D270-4C10-A958-57980B212A5A): 13
LogDevObjectVersion:   Dev-VR (D7296918-1DD6-4BDD-9DE2-64A83CC13884): 3
LogDevObjectVersion:   Dev-LoadTimes (C2A15278-BFE7-4AFE-6C17-90FF531DF755): 1
LogDevObjectVersion:   Private-Geometry (6EACA3D4-40EC-4CC1-B786-8BED09428FC5): 3
LogDevObjectVersion:   Dev-AnimPhys (29E575DD-E0A3-4627-9D10-D276232CDCEA): 17
LogDevObjectVersion:   Dev-Anim (AF43A65D-7FD3-4947-9873-3E8ED9C1BB05): 15
LogDevObjectVersion:   Dev-ReflectionCapture (6B266CEC-1EC7-4B8F-A30B-E4D90942FC07): 1
LogDevObjectVersion:   Dev-Automation (0DF73D61-A23F-47EA-B727-89E90C41499A): 1
LogDevObjectVersion:   FortniteMain (601D1886-AC64-4F84-AA16-D3DE0DEAC7D6): 47
LogDevObjectVersion:   FortniteRelease (E7086368-6B23-4C58-8439-1B7016265E91): 1
LogDevObjectVersion:   Dev-Enterprise (9DFFBCD6-494F-0158-E221-12823C92A888): 10
LogDevObjectVersion:   Dev-Niagara (F2AED0AC-9AFE-416F-8664-AA7FFA26D6FC): 1
LogDevObjectVersion:   Dev-Destruction (174F1F0B-B4C6-45A5-B13F-2EE8D0FB917D): 10
LogDevObjectVersion:   Dev-Physics-Ext (35F94A83-E258-406C-A318-09F59610247C): 41
LogDevObjectVersion:   Dev-PhysicsMaterial-Chaos (B68FC16E-8B1B-42E2-B453-215C058844FE): 1
LogDevObjectVersion:   Dev-CineCamera (B2E18506-4273-CFC2-A54E-F4BB758BBA07): 1
LogDevObjectVersion:   Dev-VirtualProduction (64F58936-FD1B-42BA-BA96-7289D5D0FA4E): 1
LogDevObjectVersion:   Dev-MediaFramework (6F0ED827-A609-4895-9C91-998D90180EA4): 2
LogInit: Presizing for max 25165824 objects, including 0 objects not considered by GC, pre-allocating 0 bytes for permanent pool.
LogConfig: Applying CVar settings from Section [/Script/Engine.StreamingSettings] File [C:/PG/tataku/tatakugame/Saved/Config/Windows/Engine.ini]
LogConfig: Setting CVar [[s.MinBulkDataSizeForAsyncLoading:131072]]
LogConfig: Setting CVar [[s.AsyncLoadingThreadEnabled:0]]
LogConfig: Setting CVar [[s.EventDrivenLoaderEnabled:1]]
LogConfig: Setting CVar [[s.WarnIfTimeLimitExceeded:0]]
LogConfig: Setting CVar [[s.TimeLimitExceededMultiplier:1.5]]
LogConfig: Setting CVar [[s.TimeLimitExceededMinTime:0.005]]
LogConfig: Setting CVar [[s.UseBackgroundLevelStreaming:1]]
LogConfig: Setting CVar [[s.PriorityAsyncLoadingExtraTime:15.0]]
LogConfig: Setting CVar [[s.LevelStreamingActorsUpdateTimeLimit:5.0]]
LogConfig: Setting CVar [[s.PriorityLevelStreamingActorsUpdateExtraTime:5.0]]
LogConfig: Setting CVar [[s.LevelStreamingComponentsRegistrationGranularity:10]]
LogConfig: Setting CVar [[s.UnregisterComponentsTimeLimit:1.0]]
LogConfig: Setting CVar [[s.LevelStreamingComponentsUnregistrationGranularity:5]]
LogConfig: Setting CVar [[s.FlushStreamingOnExit:1]]
LogInit: Object subsystem initialized
LogConfig: Setting CVar [[con.DebugEarlyDefault:1]]
LogConfig: Setting CVar [[r.setres:1280x720]]
[2023.02.10-08.16.34:604][  0]LogConfig: Setting CVar [[r.VSync:0]]
[2023.02.10-08.16.34:604][  0]LogConfig: Setting CVar [[r.RHICmdBypass:0]]
[2023.02.10-08.16.34:604][  0]LogConfig: Applying CVar settings from Section [/Script/Engine.RendererSettings] File [C:/PG/tataku/tatakugame/Saved/Config/Windows/Engine.ini]
[2023.02.10-08.16.34:604][  0]LogConfig: Setting CVar [[r.GPUCrashDebugging:0]]
[2023.02.10-08.16.34:604][  0]LogConfig: Applying CVar settings from Section [/Script/Engine.RendererOverrideSettings] File [C:/PG/tataku/tatakugame/Saved/Config/Windows/Engine.ini]
[2023.02.10-08.16.34:604][  0]LogConfig: Applying CVar settings from Section [/Script/Engine.StreamingSettings] File [C:/PG/tataku/tatakugame/Saved/Config/Windows/Engine.ini]
[2023.02.10-08.16.34:604][  0]LogConfig: Setting CVar [[s.MinBulkDataSizeForAsyncLoading:131072]]
[2023.02.10-08.16.34:604][  0]LogConfig: Setting CVar [[s.AsyncLoadingThreadEnabled:0]]
[2023.02.10-08.16.34:604][  0]LogConfig: Setting CVar [[s.EventDrivenLoaderEnabled:1]]
[2023.02.10-08.16.34:604][  0]LogConfig: Setting CVar [[s.WarnIfTimeLimitExceeded:0]]
[2023.02.10-08.16.34:604][  0]LogConfig: Setting CVar [[s.TimeLimitExceededMultiplier:1.5]]
[2023.02.10-08.16.34:604][  0]LogConfig: Setting CVar [[s.TimeLimitExceededMinTime:0.005]]
[2023.02.10-08.16.34:604][  0]LogConfig: Setting CVar [[s.UseBackgroundLevelStreaming:1]]
[2023.02.10-08.16.34:604][  0]LogConfig: Setting CVar [[s.PriorityAsyncLoadingExtraTime:15.0]]
[2023.02.10-08.16.34:604][  0]LogConfig: Setting CVar [[s.LevelStreamingActorsUpdateTimeLimit:5.0]]
[2023.02.10-08.16.34:604][  0]LogConfig: Setting CVar [[s.PriorityLevelStreamingActorsUpdateExtraTime:5.0]]
[2023.02.10-08.16.34:604][  0]LogConfig: Setting CVar [[s.LevelStreamingComponentsRegistrationGranularity:10]]
[2023.02.10-08.16.34:604][  0]LogConfig: Setting CVar [[s.UnregisterComponentsTimeLimit:1.0]]
[2023.02.10-08.16.34:604][  0]LogConfig: Setting CVar [[s.LevelStreamingComponentsUnregistrationGranularity:5]]
[2023.02.10-08.16.34:604][  0]LogConfig: Setting CVar [[s.FlushStreamingOnExit:1]]
[2023.02.10-08.16.34:604][  0]LogConfig: Applying CVar settings from Section [/Script/Engine.GarbageCollectionSettings] File [C:/PG/tataku/tatakugame/Saved/Config/Windows/Engine.ini]
[2023.02.10-08.16.34:604][  0]LogConfig: Setting CVar [[gc.MaxObjectsNotConsideredByGC:1]]
[2023.02.10-08.16.34:604][  0]LogConfig: Setting CVar [[gc.SizeOfPermanentObjectPool:0]]
[2023.02.10-08.16.34:604][  0]LogConfig: Setting CVar [[gc.FlushStreamingOnGC:0]]
[2023.02.10-08.16.34:604][  0]LogConfig: Setting CVar [[gc.NumRetriesBeforeForcingGC:10]]
[2023.02.10-08.16.34:604][  0]LogConfig: Setting CVar [[gc.AllowParallelGC:1]]
[2023.02.10-08.16.34:604][  0]LogConfig: Setting CVar [[gc.TimeBetweenPurgingPendingKillObjects:61.1]]
[2023.02.10-08.16.34:604][  0]LogConfig: Setting CVar [[gc.MaxObjectsInEditor:25165824]]
[2023.02.10-08.16.34:604][  0]LogConfig: Setting CVar [[gc.IncrementalBeginDestroyEnabled:1]]
[2023.02.10-08.16.34:604][  0]LogConfig: Setting CVar [[gc.CreateGCClusters:1]]
[2023.02.10-08.16.34:604][  0]LogConfig: Setting CVar [[gc.MinGCClusterSize:5]]
[2023.02.10-08.16.34:604][  0]LogConfig: Setting CVar [[gc.ActorClusteringEnabled:0]]
[2023.02.10-08.16.34:604][  0]LogConfig: Setting CVar [[gc.BlueprintClusteringEnabled:0]]
[2023.02.10-08.16.34:604][  0]LogConfig: Setting CVar [[gc.UseDisregardForGCOnDedicatedServers:0]]
[2023.02.10-08.16.34:604][  0]LogConfig: Setting CVar [[gc.MultithreadedDestructionEnabled:1]]
[2023.02.10-08.16.34:604][  0]LogConfig: Applying CVar settings from Section [/Script/Engine.NetworkSettings] File [C:/PG/tataku/tatakugame/Saved/Config/Windows/Engine.ini]
[2023.02.10-08.16.34:604][  0]LogConfig: Applying CVar settings from Section [/Script/UnrealEd.CookerSettings] File [C:/PG/tataku/tatakugame/Saved/Config/Windows/Engine.ini]
[2023.02.10-08.16.34:612][  0]LogConfig: Applying CVar settings from Section [ViewDistanceQuality@3] File [C:/PG/tataku/tatakugame/Saved/Config/Windows/Scalability.ini]
[2023.02.10-08.16.34:612][  0]LogConfig: Setting CVar [[r.SkeletalMeshLODBias:0]]
[2023.02.10-08.16.34:612][  0]LogConfig: Setting CVar [[r.ViewDistanceScale:1.0]]
[2023.02.10-08.16.34:612][  0]LogConfig: Applying CVar settings from Section [AntiAliasingQuality@3] File [C:/PG/tataku/tatakugame/Saved/Config/Windows/Scalability.ini]
[2023.02.10-08.16.34:612][  0]LogConfig: Setting CVar [[r.PostProcessAAQuality:4]]
[2023.02.10-08.16.34:612][  0]LogConfig: Applying CVar settings from Section [ShadowQuality@3] File [C:/PG/tataku/tatakugame/Saved/Config/Windows/Scalability.ini]
[2023.02.10-08.16.34:612][  0]LogConfig: Setting CVar [[r.LightFunctionQuality:1]]
[2023.02.10-08.16.34:612][  0]LogConfig: Setting CVar [[r.ShadowQuality:5]]
[2023.02.10-08.16.34:612][  0]LogConfig: Setting CVar [[r.Shadow.CSM.MaxCascades:10]]
[2023.02.10-08.16.34:612][  0]LogConfig: Setting CVar [[r.Shadow.MaxResolution:2048]]
[2023.02.10-08.16.34:612][  0]LogConfig: Setting CVar [[r.Shadow.MaxCSMResolution:2048]]
[2023.02.10-08.16.34:612][  0]LogConfig: Setting CVar [[r.Shadow.RadiusThreshold:0.01]]
[2023.02.10-08.16.34:612][  0]LogConfig: Setting CVar [[r.Shadow.DistanceScale:1.0]]
[2023.02.10-08.16.34:612][  0]LogConfig: Setting CVar [[r.Shadow.CSM.TransitionScale:1.0]]
[2023.02.10-08.16.34:612][  0]LogConfig: Setting CVar [[r.Shadow.PreShadowResolutionFactor:1.0]]
[2023.02.10-08.16.34:612][  0]LogConfig: Setting CVar [[r.DistanceFieldShadowing:1]]
[2023.02.10-08.16.34:612][  0]LogConfig: Setting CVar [[r.DistanceFieldAO:1]]
[2023.02.10-08.16.34:612][  0]LogConfig: Setting CVar [[r.AOQuality:2]]
[2023.02.10-08.16.34:612][  0]LogConfig: Setting CVar [[r.VolumetricFog:1]]
[2023.02.10-08.16.34:612][  0]LogConfig: Setting CVar [[r.VolumetricFog.GridPixelSize:8]]
[2023.02.10-08.16.34:612][  0]LogConfig: Setting CVar [[r.VolumetricFog.GridSizeZ:128]]
[2023.02.10-08.16.34:612][  0]LogConfig: Setting CVar [[r.VolumetricFog.HistoryMissSupersampleCount:4]]
[2023.02.10-08.16.34:612][  0]LogConfig: Setting CVar [[r.LightMaxDrawDistanceScale:1]]
[2023.02.10-08.16.34:612][  0]LogConfig: Setting CVar [[r.CapsuleShadows:1]]
[2023.02.10-08.16.34:612][  0]LogConfig: Applying CVar settings from Section [PostProcessQuality@3] File [C:/PG/tataku/tatakugame/Saved/Config/Windows/Scalability.ini]
[2023.02.10-08.16.34:612][  0]LogConfig: Setting CVar [[r.MotionBlurQuality:4]]
[2023.02.10-08.16.34:612][  0]LogConfig: Setting CVar [[r.AmbientOcclusionMipLevelFactor:0.4]]
[2023.02.10-08.16.34:612][  0]LogConfig: Setting CVar [[r.AmbientOcclusionMaxQuality:100]]
[2023.02.10-08.16.34:612][  0]LogConfig: Setting CVar [[r.AmbientOcclusionLevels:-1]]
[2023.02.10-08.16.34:612][  0]LogConfig: Setting CVar [[r.AmbientOcclusionRadiusScale:1.0]]
[2023.02.10-08.16.34:612][  0]LogConfig: Setting CVar [[r.DepthOfFieldQuality:2]]
[2023.02.10-08.16.34:612][  0]LogConfig: Setting CVar [[r.RenderTargetPoolMin:400]]
[2023.02.10-08.16.34:612][  0]LogConfig: Setting CVar [[r.LensFlareQuality:2]]
[2023.02.10-08.16.34:612][  0]LogConfig: Setting CVar [[r.SceneColorFringeQuality:1]]
[2023.02.10-08.16.34:612][  0]LogConfig: Setting CVar [[r.EyeAdaptationQuality:2]]
[2023.02.10-08.16.34:612][  0]LogConfig: Setting CVar [[r.BloomQuality:5]]
[2023.02.10-08.16.34:612][  0]LogConfig: Setting CVar [[r.FastBlurThreshold:100]]
[2023.02.10-08.16.34:612][  0]LogConfig: Setting CVar [[r.Upscale.Quality:3]]
[2023.02.10-08.16.34:612][  0]LogConfig: Setting CVar [[r.Tonemapper.GrainQuantization:1]]
[2023.02.10-08.16.34:612][  0]LogConfig: Setting CVar [[r.LightShaftQuality:1]]
[2023.02.10-08.16.34:612][  0]LogConfig: Setting CVar [[r.Filter.SizeScale:1]]
[2023.02.10-08.16.34:613][  0]LogConfig: Setting CVar [[r.Tonemapper.Quality:5]]
[2023.02.10-08.16.34:613][  0]LogConfig: Setting CVar [[r.DOF.Gather.AccumulatorQuality:1        ; higher gathering accumulator quality]]
[2023.02.10-08.16.34:613][  0]LogConfig: Setting CVar [[r.DOF.Gather.PostfilterMethod:1          ; Median3x3 postfilering method]]
[2023.02.10-08.16.34:613][  0]LogConfig: Setting CVar [[r.DOF.Gather.EnableBokehSettings:0       ; no bokeh simulation when gathering]]
[2023.02.10-08.16.34:613][  0]LogConfig: Setting CVar [[r.DOF.Gather.RingCount:4                 ; medium number of samples when gathering]]
[2023.02.10-08.16.34:613][  0]LogConfig: Setting CVar [[r.DOF.Scatter.ForegroundCompositing:1    ; additive foreground scattering]]
[2023.02.10-08.16.34:613][  0]LogConfig: Setting CVar [[r.DOF.Scatter.BackgroundCompositing:2    ; additive background scattering]]
[2023.02.10-08.16.34:613][  0]LogConfig: Setting CVar [[r.DOF.Scatter.EnableBokehSettings:1      ; bokeh simulation when scattering]]
[2023.02.10-08.16.34:613][  0]LogConfig: Setting CVar [[r.DOF.Scatter.MaxSpriteRatio:0.1         ; only a maximum of 10% of scattered bokeh]]
[2023.02.10-08.16.34:613][  0]LogConfig: Setting CVar [[r.DOF.Recombine.Quality:1                ; cheap slight out of focus]]
[2023.02.10-08.16.34:613][  0]LogConfig: Setting CVar [[r.DOF.Recombine.EnableBokehSettings:0    ; no bokeh simulation on slight out of focus]]
[2023.02.10-08.16.34:613][  0]LogConfig: Setting CVar [[r.DOF.TemporalAAQuality:1                ; more stable temporal accumulation]]
[2023.02.10-08.16.34:613][  0]LogConfig: Setting CVar [[r.DOF.Kernel.MaxForegroundRadius:0.025]]
[2023.02.10-08.16.34:613][  0]LogConfig: Setting CVar [[r.DOF.Kernel.MaxBackgroundRadius:0.025]]
[2023.02.10-08.16.34:613][  0]LogConfig: Applying CVar settings from Section [TextureQuality@3] File [C:/PG/tataku/tatakugame/Saved/Config/Windows/Scalability.ini]
[2023.02.10-08.16.34:613][  0]LogConfig: Setting CVar [[r.Streaming.MipBias:0]]
[2023.02.10-08.16.34:613][  0]LogConfig: Setting CVar [[r.Streaming.AmortizeCPUToGPUCopy:0]]
[2023.02.10-08.16.34:613][  0]LogConfig: Setting CVar [[r.Streaming.MaxNumTexturesToStreamPerFrame:0]]
[2023.02.10-08.16.34:613][  0]LogConfig: Setting CVar [[r.Streaming.Boost:1]]
[2023.02.10-08.16.34:613][  0]LogConfig: Setting CVar [[r.MaxAnisotropy:8]]
[2023.02.10-08.16.34:613][  0]LogConfig: Setting CVar [[r.VT.MaxAnisotropy:8]]
[2023.02.10-08.16.34:613][  0]LogConfig: Setting CVar [[r.Streaming.LimitPoolSizeToVRAM:0]]
[2023.02.10-08.16.34:613][  0]LogConfig: Setting CVar [[r.Streaming.PoolSize:1000]]
[2023.02.10-08.16.34:613][  0]LogConfig: Setting CVar [[r.Streaming.MaxEffectiveScreenSize:0]]
[2023.02.10-08.16.34:613][  0]LogConfig: Applying CVar settings from Section [EffectsQuality@3] File [C:/PG/tataku/tatakugame/Saved/Config/Windows/Scalability.ini]
[2023.02.10-08.16.34:613][  0]LogConfig: Setting CVar [[r.TranslucencyLightingVolumeDim:64]]
[2023.02.10-08.16.34:613][  0]LogConfig: Setting CVar [[r.RefractionQuality:2]]
[2023.02.10-08.16.34:613][  0]LogConfig: Setting CVar [[r.SSR.Quality:3]]
[2023.02.10-08.16.34:613][  0]LogConfig: Setting CVar [[r.SSR.HalfResSceneColor:0]]
[2023.02.10-08.16.34:613][  0]LogConfig: Setting CVar [[r.SceneColorFormat:4]]
[2023.02.10-08.16.34:613][  0]LogConfig: Setting CVar [[r.DetailMode:2]]
[2023.02.10-08.16.34:613][  0]LogConfig: Setting CVar [[r.TranslucencyVolumeBlur:1]]
[2023.02.10-08.16.34:613][  0]LogConfig: Setting CVar [[r.MaterialQualityLevel:1 ; High quality]]
[2023.02.10-08.16.34:613][  0]LogConfig: Setting CVar [[r.AnisotropicMaterials:1]]
[2023.02.10-08.16.34:613][  0]LogConfig: Setting CVar [[r.SSS.Scale:1]]
[2023.02.10-08.16.34:613][  0]LogConfig: Setting CVar [[r.SSS.SampleSet:2]]
[2023.02.10-08.16.34:613][  0]LogConfig: Setting CVar [[r.SSS.Quality:1]]
[2023.02.10-08.16.34:613][  0]LogConfig: Setting CVar [[r.SSS.HalfRes:0]]
[2023.02.10-08.16.34:613][  0]LogConfig: Setting CVar [[r.SSGI.Quality:3]]
[2023.02.10-08.16.34:613][  0]LogConfig: Setting CVar [[r.EmitterSpawnRateScale:1.0]]
[2023.02.10-08.16.34:613][  0]LogConfig: Setting CVar [[r.ParticleLightQuality:2]]
[2023.02.10-08.16.34:613][  0]LogConfig: Setting CVar [[r.SkyAtmosphere.AerialPerspectiveLUT.FastApplyOnOpaque:1 ; Always have FastSkyLUT 1 in this case to avoid wrong sky]]
[2023.02.10-08.16.34:613][  0]LogConfig: Setting CVar [[r.SkyAtmosphere.AerialPerspectiveLUT.SampleCountMaxPerSlice:4]]
[2023.02.10-08.16.34:613][  0]LogConfig: Setting CVar [[r.SkyAtmosphere.AerialPerspectiveLUT.DepthResolution:16.0]]
[2023.02.10-08.16.34:613][  0]LogConfig: Setting CVar [[r.SkyAtmosphere.FastSkyLUT:1]]
[2023.02.10-08.16.34:613][  0]LogConfig: Setting CVar [[r.SkyAtmosphere.FastSkyLUT.SampleCountMin:4.0]]
[2023.02.10-08.16.34:613][  0]LogConfig: Setting CVar [[r.SkyAtmosphere.FastSkyLUT.SampleCountMax:128.0]]
[2023.02.10-08.16.34:613][  0]LogConfig: Setting CVar [[r.SkyAtmosphere.SampleCountMin:4.0]]
[2023.02.10-08.16.34:613][  0]LogConfig: Setting CVar [[r.SkyAtmosphere.SampleCountMax:128.0]]
[2023.02.10-08.16.34:613][  0]LogConfig: Setting CVar [[r.SkyAtmosphere.TransmittanceLUT.UseSmallFormat:0]]
[2023.02.10-08.16.34:613][  0]LogConfig: Setting CVar [[r.SkyAtmosphere.TransmittanceLUT.SampleCount:10.0]]
[2023.02.10-08.16.34:613][  0]LogConfig: Setting CVar [[r.SkyAtmosphere.MultiScatteringLUT.SampleCount:15.0]]
[2023.02.10-08.16.34:613][  0]LogConfig: Setting CVar [[r.SkyLight.RealTimeReflectionCapture:1]]
[2023.02.10-08.16.34:613][  0]LogConfig: Applying CVar settings from Section [FoliageQuality@3] File [C:/PG/tataku/tatakugame/Saved/Config/Windows/Scalability.ini]
[2023.02.10-08.16.34:613][  0]LogConfig: Setting CVar [[foliage.DensityScale:1.0]]
[2023.02.10-08.16.34:613][  0]LogConfig: Setting CVar [[grass.DensityScale:1.0]]
[2023.02.10-08.16.34:613][  0]LogConfig: Applying CVar settings from Section [ShadingQuality@3] File [C:/PG/tataku/tatakugame/Saved/Config/Windows/Scalability.ini]
[2023.02.10-08.16.34:613][  0]LogConfig: Setting CVar [[r.HairStrands.SkyLighting.IntegrationType:2]]
[2023.02.10-08.16.34:613][  0]LogConfig: Setting CVar [[r.HairStrands.SkyAO.SampleCount:4]]
[2023.02.10-08.16.34:613][  0]LogConfig: Setting CVar [[r.HairStrands.Visibility.MSAA.SamplePerPixel:4]]
[2023.02.10-08.16.34:613][  0]LogInit: Selected Device Profile: [Windows]
[2023.02.10-08.16.34:613][  0]LogInit: Applying CVar settings loaded from the selected device profile: [Windows]
[2023.02.10-08.16.34:613][  0]LogHAL: Display: Platform has ~ 32 GB [34046345216 / 34359738368 / 32], which maps to Largest [LargestMinGB=32, LargerMinGB=12, DefaultMinGB=8, SmallerMinGB=6, SmallestMinGB=0)
[2023.02.10-08.16.34:613][  0]LogInit: Going up to parent DeviceProfile []
[2023.02.10-08.16.34:613][  0]LogConfig: Applying CVar settings from Section [ViewDistanceQuality@3] File [C:/PG/tataku/tatakugame/Saved/Config/Windows/Scalability.ini]
[2023.02.10-08.16.34:613][  0]LogConfig: Setting CVar [[r.SkeletalMeshLODBias:0]]
[2023.02.10-08.16.34:613][  0]LogConfig: Setting CVar [[r.ViewDistanceScale:1.0]]
[2023.02.10-08.16.34:613][  0]LogConfig: Applying CVar settings from Section [AntiAliasingQuality@3] File [C:/PG/tataku/tatakugame/Saved/Config/Windows/Scalability.ini]
[2023.02.10-08.16.34:613][  0]LogConfig: Setting CVar [[r.PostProcessAAQuality:4]]
[2023.02.10-08.16.34:613][  0]LogConfig: Applying CVar settings from Section [ShadowQuality@3] File [C:/PG/tataku/tatakugame/Saved/Config/Windows/Scalability.ini]
[2023.02.10-08.16.34:613][  0]LogConfig: Setting CVar [[r.LightFunctionQuality:1]]
[2023.02.10-08.16.34:613][  0]LogConfig: Setting CVar [[r.ShadowQuality:5]]
[2023.02.10-08.16.34:613][  0]LogConfig: Setting CVar [[r.Shadow.CSM.MaxCascades:10]]
[2023.02.10-08.16.34:613][  0]LogConfig: Setting CVar [[r.Shadow.MaxResolution:2048]]
[2023.02.10-08.16.34:613][  0]LogConfig: Setting CVar [[r.Shadow.MaxCSMResolution:2048]]
[2023.02.10-08.16.34:613][  0]LogConfig: Setting CVar [[r.Shadow.RadiusThreshold:0.01]]
[2023.02.10-08.16.34:613][  0]LogConfig: Setting CVar [[r.Shadow.DistanceScale:1.0]]
[2023.02.10-08.16.34:613][  0]LogConfig: Setting CVar [[r.Shadow.CSM.TransitionScale:1.0]]
[2023.02.10-08.16.34:613][  0]LogConfig: Setting CVar [[r.Shadow.PreShadowResolutionFactor:1.0]]
[2023.02.10-08.16.34:613][  0]LogConfig: Setting CVar [[r.DistanceFieldShadowing:1]]
[2023.02.10-08.16.34:613][  0]LogConfig: Setting CVar [[r.DistanceFieldAO:1]]
[2023.02.10-08.16.34:613][  0]LogConfig: Setting CVar [[r.AOQuality:2]]
[2023.02.10-08.16.34:613][  0]LogConfig: Setting CVar [[r.VolumetricFog:1]]
[2023.02.10-08.16.34:613][  0]LogConfig: Setting CVar [[r.VolumetricFog.GridPixelSize:8]]
[2023.02.10-08.16.34:613][  0]LogConfig: Setting CVar [[r.VolumetricFog.GridSizeZ:128]]
[2023.02.10-08.16.34:613][  0]LogConfig: Setting CVar [[r.VolumetricFog.HistoryMissSupersampleCount:4]]
[2023.02.10-08.16.34:613][  0]LogConfig: Setting CVar [[r.LightMaxDrawDistanceScale:1]]
[2023.02.10-08.16.34:613][  0]LogConfig: Setting CVar [[r.CapsuleShadows:1]]
[2023.02.10-08.16.34:613][  0]LogConfig: Applying CVar settings from Section [PostProcessQuality@3] File [C:/PG/tataku/tatakugame/Saved/Config/Windows/Scalability.ini]
[2023.02.10-08.16.34:613][  0]LogConfig: Setting CVar [[r.MotionBlurQuality:4]]
[2023.02.10-08.16.34:613][  0]LogConfig: Setting CVar [[r.AmbientOcclusionMipLevelFactor:0.4]]
[2023.02.10-08.16.34:613][  0]LogConfig: Setting CVar [[r.AmbientOcclusionMaxQuality:100]]
[2023.02.10-08.16.34:613][  0]LogConfig: Setting CVar [[r.AmbientOcclusionLevels:-1]]
[2023.02.10-08.16.34:613][  0]LogConfig: Setting CVar [[r.AmbientOcclusionRadiusScale:1.0]]
[2023.02.10-08.16.34:613][  0]LogConfig: Setting CVar [[r.DepthOfFieldQuality:2]]
[2023.02.10-08.16.34:613][  0]LogConfig: Setting CVar [[r.RenderTargetPoolMin:400]]
[2023.02.10-08.16.34:613][  0]LogConfig: Setting CVar [[r.LensFlareQuality:2]]
[2023.02.10-08.16.34:613][  0]LogConfig: Setting CVar [[r.SceneColorFringeQuality:1]]
[2023.02.10-08.16.34:613][  0]LogConfig: Setting CVar [[r.EyeAdaptationQuality:2]]
[2023.02.10-08.16.34:613][  0]LogConfig: Setting CVar [[r.BloomQuality:5]]
[2023.02.10-08.16.34:613][  0]LogConfig: Setting CVar [[r.FastBlurThreshold:100]]
[2023.02.10-08.16.34:613][  0]LogConfig: Setting CVar [[r.Upscale.Quality:3]]
[2023.02.10-08.16.34:613][  0]LogConfig: Setting CVar [[r.Tonemapper.GrainQuantization:1]]
[2023.02.10-08.16.34:613][  0]LogConfig: Setting CVar [[r.LightShaftQuality:1]]
[2023.02.10-08.16.34:613][  0]LogConfig: Setting CVar [[r.Filter.SizeScale:1]]
[2023.02.10-08.16.34:613][  0]LogConfig: Setting CVar [[r.Tonemapper.Quality:5]]
[2023.02.10-08.16.34:613][  0]LogConfig: Setting CVar [[r.DOF.Gather.AccumulatorQuality:1        ; higher gathering accumulator quality]]
[2023.02.10-08.16.34:613][  0]LogConfig: Setting CVar [[r.DOF.Gather.PostfilterMethod:1          ; Median3x3 postfilering method]]
[2023.02.10-08.16.34:613][  0]LogConfig: Setting CVar [[r.DOF.Gather.EnableBokehSettings:0       ; no bokeh simulation when gathering]]
[2023.02.10-08.16.34:613][  0]LogConfig: Setting CVar [[r.DOF.Gather.RingCount:4                 ; medium number of samples when gathering]]
[2023.02.10-08.16.34:613][  0]LogConfig: Setting CVar [[r.DOF.Scatter.ForegroundCompositing:1    ; additive foreground scattering]]
[2023.02.10-08.16.34:614][  0]LogConfig: Setting CVar [[r.DOF.Scatter.BackgroundCompositing:2    ; additive background scattering]]
[2023.02.10-08.16.34:614][  0]LogConfig: Setting CVar [[r.DOF.Scatter.EnableBokehSettings:1      ; bokeh simulation when scattering]]
[2023.02.10-08.16.34:614][  0]LogConfig: Setting CVar [[r.DOF.Scatter.MaxSpriteRatio:0.1         ; only a maximum of 10% of scattered bokeh]]
[2023.02.10-08.16.34:614][  0]LogConfig: Setting CVar [[r.DOF.Recombine.Quality:1                ; cheap slight out of focus]]
[2023.02.10-08.16.34:614][  0]LogConfig: Setting CVar [[r.DOF.Recombine.EnableBokehSettings:0    ; no bokeh simulation on slight out of focus]]
[2023.02.10-08.16.34:614][  0]LogConfig: Setting CVar [[r.DOF.TemporalAAQuality:1                ; more stable temporal accumulation]]
[2023.02.10-08.16.34:614][  0]LogConfig: Setting CVar [[r.DOF.Kernel.MaxForegroundRadius:0.025]]
[2023.02.10-08.16.34:614][  0]LogConfig: Setting CVar [[r.DOF.Kernel.MaxBackgroundRadius:0.025]]
[2023.02.10-08.16.34:614][  0]LogConfig: Applying CVar settings from Section [TextureQuality@3] File [C:/PG/tataku/tatakugame/Saved/Config/Windows/Scalability.ini]
[2023.02.10-08.16.34:614][  0]LogConfig: Setting CVar [[r.Streaming.MipBias:0]]
[2023.02.10-08.16.34:614][  0]LogConfig: Setting CVar [[r.Streaming.AmortizeCPUToGPUCopy:0]]
[2023.02.10-08.16.34:614][  0]LogConfig: Setting CVar [[r.Streaming.MaxNumTexturesToStreamPerFrame:0]]
[2023.02.10-08.16.34:614][  0]LogConfig: Setting CVar [[r.Streaming.Boost:1]]
[2023.02.10-08.16.34:614][  0]LogConfig: Setting CVar [[r.MaxAnisotropy:8]]
[2023.02.10-08.16.34:614][  0]LogConfig: Setting CVar [[r.VT.MaxAnisotropy:8]]
[2023.02.10-08.16.34:614][  0]LogConfig: Setting CVar [[r.Streaming.LimitPoolSizeToVRAM:0]]
[2023.02.10-08.16.34:614][  0]LogConfig: Setting CVar [[r.Streaming.PoolSize:1000]]
[2023.02.10-08.16.34:614][  0]LogConfig: Setting CVar [[r.Streaming.MaxEffectiveScreenSize:0]]
[2023.02.10-08.16.34:614][  0]LogConfig: Applying CVar settings from Section [EffectsQuality@3] File [C:/PG/tataku/tatakugame/Saved/Config/Windows/Scalability.ini]
[2023.02.10-08.16.34:614][  0]LogConfig: Setting CVar [[r.TranslucencyLightingVolumeDim:64]]
[2023.02.10-08.16.34:614][  0]LogConfig: Setting CVar [[r.RefractionQuality:2]]
[2023.02.10-08.16.34:614][  0]LogConfig: Setting CVar [[r.SSR.Quality:3]]
[2023.02.10-08.16.34:614][  0]LogConfig: Setting CVar [[r.SSR.HalfResSceneColor:0]]
[2023.02.10-08.16.34:614][  0]LogConfig: Setting CVar [[r.SceneColorFormat:4]]
[2023.02.10-08.16.34:614][  0]LogConfig: Setting CVar [[r.DetailMode:2]]
[2023.02.10-08.16.34:614][  0]LogConfig: Setting CVar [[r.TranslucencyVolumeBlur:1]]
[2023.02.10-08.16.34:614][  0]LogConfig: Setting CVar [[r.MaterialQualityLevel:1 ; High quality]]
[2023.02.10-08.16.34:614][  0]LogConfig: Setting CVar [[r.AnisotropicMaterials:1]]
[2023.02.10-08.16.34:614][  0]LogConfig: Setting CVar [[r.SSS.Scale:1]]
[2023.02.10-08.16.34:614][  0]LogConfig: Setting CVar [[r.SSS.SampleSet:2]]
[2023.02.10-08.16.34:614][  0]LogConfig: Setting CVar [[r.SSS.Quality:1]]
[2023.02.10-08.16.34:614][  0]LogConfig: Setting CVar [[r.SSS.HalfRes:0]]
[2023.02.10-08.16.34:614][  0]LogConfig: Setting CVar [[r.SSGI.Quality:3]]
[2023.02.10-08.16.34:614][  0]LogConfig: Setting CVar [[r.EmitterSpawnRateScale:1.0]]
[2023.02.10-08.16.34:614][  0]LogConfig: Setting CVar [[r.ParticleLightQuality:2]]
[2023.02.10-08.16.34:614][  0]LogConfig: Setting CVar [[r.SkyAtmosphere.AerialPerspectiveLUT.FastApplyOnOpaque:1 ; Always have FastSkyLUT 1 in this case to avoid wrong sky]]
[2023.02.10-08.16.34:614][  0]LogConfig: Setting CVar [[r.SkyAtmosphere.AerialPerspectiveLUT.SampleCountMaxPerSlice:4]]
[2023.02.10-08.16.34:614][  0]LogConfig: Setting CVar [[r.SkyAtmosphere.AerialPerspectiveLUT.DepthResolution:16.0]]
[2023.02.10-08.16.34:614][  0]LogConfig: Setting CVar [[r.SkyAtmosphere.FastSkyLUT:1]]
[2023.02.10-08.16.34:614][  0]LogConfig: Setting CVar [[r.SkyAtmosphere.FastSkyLUT.SampleCountMin:4.0]]
[2023.02.10-08.16.34:614][  0]LogConfig: Setting CVar [[r.SkyAtmosphere.FastSkyLUT.SampleCountMax:128.0]]
[2023.02.10-08.16.34:614][  0]LogConfig: Setting CVar [[r.SkyAtmosphere.SampleCountMin:4.0]]
[2023.02.10-08.16.34:614][  0]LogConfig: Setting CVar [[r.SkyAtmosphere.SampleCountMax:128.0]]
[2023.02.10-08.16.34:614][  0]LogConfig: Setting CVar [[r.SkyAtmosphere.TransmittanceLUT.UseSmallFormat:0]]
[2023.02.10-08.16.34:614][  0]LogConfig: Setting CVar [[r.SkyAtmosphere.TransmittanceLUT.SampleCount:10.0]]
[2023.02.10-08.16.34:614][  0]LogConfig: Setting CVar [[r.SkyAtmosphere.MultiScatteringLUT.SampleCount:15.0]]
[2023.02.10-08.16.34:614][  0]LogConfig: Setting CVar [[r.SkyLight.RealTimeReflectionCapture:1]]
[2023.02.10-08.16.34:614][  0]LogConfig: Applying CVar settings from Section [FoliageQuality@3] File [C:/PG/tataku/tatakugame/Saved/Config/Windows/Scalability.ini]
[2023.02.10-08.16.34:614][  0]LogConfig: Setting CVar [[foliage.DensityScale:1.0]]
[2023.02.10-08.16.34:614][  0]LogConfig: Setting CVar [[grass.DensityScale:1.0]]
[2023.02.10-08.16.34:614][  0]LogConfig: Applying CVar settings from Section [ShadingQuality@3] File [C:/PG/tataku/tatakugame/Saved/Config/Windows/Scalability.ini]
[2023.02.10-08.16.34:614][  0]LogConfig: Setting CVar [[r.HairStrands.SkyLighting.IntegrationType:2]]
[2023.02.10-08.16.34:614][  0]LogConfig: Setting CVar [[r.HairStrands.SkyAO.SampleCount:4]]
[2023.02.10-08.16.34:614][  0]LogConfig: Setting CVar [[r.HairStrands.Visibility.MSAA.SamplePerPixel:4]]
[2023.02.10-08.16.34:614][  0]LogConfig: Applying CVar settings from Section [Startup] File [../../../Engine/Config/ConsoleVariables.ini]
[2023.02.10-08.16.34:614][  0]LogConfig: Setting CVar [[net.UseAdaptiveNetUpdateFrequency:0]]
[2023.02.10-08.16.34:614][  0]LogConfig: Setting CVar [[p.chaos.AllowCreatePhysxBodies:1]]
[2023.02.10-08.16.34:614][  0]LogConfig: Setting CVar [[fx.SkipVectorVMBackendOptimizations:1]]
[2023.02.10-08.16.34:614][  0]LogConfig: Applying CVar settings from Section [ConsoleVariables] File [C:/PG/tataku/tatakugame/Saved/Config/Windows/Engine.ini]
[2023.02.10-08.16.34:615][  0]LogConfig: Applying CVar settings from Section [ConsoleVariables] File [C:/PG/tataku/tatakugame/Saved/Config/Windows/Editor.ini]
[2023.02.10-08.16.34:615][  0]LogInit: Computer: KBC12205194
[2023.02.10-08.16.34:615][  0]LogInit: User: kbc12205194
[2023.02.10-08.16.34:615][  0]LogInit: CPU Page size=4096, Cores=8
[2023.02.10-08.16.34:615][  0]LogInit: High frequency timer resolution =10.000000 MHz
[2023.02.10-08.16.34:615][  0]LogMemory: Memory total: Physical=31.7GB (32GB approx)
[2023.02.10-08.16.34:615][  0]LogMemory: Platform Memory Stats for Windows
[2023.02.10-08.16.34:615][  0]LogMemory: Process Physical Memory: 150.52 MB used, 150.52 MB peak
[2023.02.10-08.16.34:615][  0]LogMemory: Process Virtual Memory: 135.38 MB used, 135.38 MB peak
[2023.02.10-08.16.34:615][  0]LogMemory: Physical Memory: 10098.68 MB used,  22370.45 MB free, 32469.12 MB total
[2023.02.10-08.16.34:615][  0]LogMemory: Virtual Memory: 134193240.00 MB used,  24487.39 MB free, 134217728.00 MB total
[2023.02.10-08.16.34:656][  0]LogWindows: WindowsPlatformFeatures enabled
[2023.02.10-08.16.34:706][  0]LogInit: Physics initialised using underlying interface: PhysX
[2023.02.10-08.16.34:707][  0]LogInit: Using OS detected language (ja-JP).
[2023.02.10-08.16.34:707][  0]LogInit: Using OS detected locale (ja-JP).
[2023.02.10-08.16.34:714][  0]LogTextLocalizationManager: No specific localization for 'ja-JP' exists, so the 'ja' localization will be used.
[2023.02.10-08.16.34:813][  0]LogInit: Setting process to per monitor DPI aware
[2023.02.10-08.16.34:837][  0]LogWindowsTextInputMethodSystem: Display: IME system deactivated.
[2023.02.10-08.16.34:855][  0]LogSlate: New Slate User Created.  User Index 0, Is Virtual User: 0
[2023.02.10-08.16.34:855][  0]LogSlate: Slate User Registered.  User Index 0, Is Virtual User: 0
[2023.02.10-08.16.35:017][  0]LogD3D11RHI: Loaded GFSDK_Aftermath_Lib.x64.dll
[2023.02.10-08.16.35:031][  0]LogHMD: Failed to initialize OpenVR with code 110
[2023.02.10-08.16.35:031][  0]LogD3D11RHI: D3D11 min allowed feature level: 11_0
[2023.02.10-08.16.35:031][  0]LogD3D11RHI: D3D11 max allowed feature level: 11_0
[2023.02.10-08.16.35:031][  0]LogD3D11RHI: D3D11 adapters:
[2023.02.10-08.16.35:151][  0]LogD3D11RHI:    0. 'NVIDIA GeForce RTX 3070 Laptop GPU' (Feature Level 11_0)
[2023.02.10-08.16.35:151][  0]LogD3D11RHI:       8044/0/16234 MB DedicatedVideo/DedicatedSystem/SharedSystem, Outputs:1, VendorId:0x10de
[2023.02.10-08.16.35:194][  0]LogD3D11RHI:    1. 'Intel(R) UHD Graphics' (Feature Level 11_0)
[2023.02.10-08.16.35:194][  0]LogD3D11RHI:       128/0/16234 MB DedicatedVideo/DedicatedSystem/SharedSystem, Outputs:0, VendorId:0x8086
[2023.02.10-08.16.35:196][  0]LogD3D11RHI:    2. 'Microsoft Basic Render Driver' (Feature Level 11_0)
[2023.02.10-08.16.35:196][  0]LogD3D11RHI:       0/0/16234 MB DedicatedVideo/DedicatedSystem/SharedSystem, Outputs:0, VendorId:0x1414
[2023.02.10-08.16.35:196][  0]LogD3D11RHI: Chosen D3D11 Adapter:
[2023.02.10-08.16.35:196][  0]LogD3D11RHI:     Description : NVIDIA GeForce RTX 3070 Laptop GPU
[2023.02.10-08.16.35:196][  0]LogD3D11RHI:     VendorId    : 10de
[2023.02.10-08.16.35:196][  0]LogD3D11RHI:     DeviceId    : 249d
[2023.02.10-08.16.35:196][  0]LogD3D11RHI:     SubSysId    : 12f51462
[2023.02.10-08.16.35:196][  0]LogD3D11RHI:     Revision    : 00a1
[2023.02.10-08.16.35:196][  0]LogD3D11RHI:     DedicatedVideoMemory : 8434745344 bytes
[2023.02.10-08.16.35:196][  0]LogD3D11RHI:     DedicatedSystemMemory : 0 bytes
[2023.02.10-08.16.35:196][  0]LogD3D11RHI:     SharedSystemMemory : 17023172608 bytes
[2023.02.10-08.16.35:196][  0]LogD3D11RHI:     AdapterLuid : 0 71486
[2023.02.10-08.16.35:203][  0]LogD3D11RHI: Creating new Direct3DDevice
[2023.02.10-08.16.35:203][  0]LogD3D11RHI:     GPU DeviceId: 0x249d (for the marketing name, search the web for "GPU Device Id")
[2023.02.10-08.16.35:203][  0]LogWindows: EnumDisplayDevices:
[2023.02.10-08.16.35:204][  0]LogWindows:    0. 'Intel(R) UHD Graphics' (P:1 D:1)
[2023.02.10-08.16.35:204][  0]LogWindows:    1. 'Intel(R) UHD Graphics' (P:0 D:0)
[2023.02.10-08.16.35:204][  0]LogWindows:    2. 'Intel(R) UHD Graphics' (P:0 D:0)
[2023.02.10-08.16.35:204][  0]LogWindows:    3. 'Intel(R) UHD Graphics' (P:0 D:0)
[2023.02.10-08.16.35:204][  0]LogWindows:    4. 'NVIDIA GeForce RTX 3070 Laptop GPU' (P:0 D:0)
[2023.02.10-08.16.35:205][  0]LogWindows:    5. 'NVIDIA GeForce RTX 3070 Laptop GPU' (P:0 D:0)
[2023.02.10-08.16.35:205][  0]LogWindows:    6. 'NVIDIA GeForce RTX 3070 Laptop GPU' (P:0 D:0)
[2023.02.10-08.16.35:205][  0]LogWindows:    7. 'NVIDIA GeForce RTX 3070 Laptop GPU' (P:0 D:0)
[2023.02.10-08.16.35:205][  0]LogWindows: DebugString: PrimaryIsNotTheChoosenAdapter PrimaryIsNotTheChoosenAdapter PrimaryIsNotTheChoosenAdapter PrimaryIsNotTheChoosenAdapter FoundDriverCount:4 
[2023.02.10-08.16.35:205][  0]LogD3D11RHI:     Adapter Name: NVIDIA GeForce RTX 3070 Laptop GPU
[2023.02.10-08.16.35:205][  0]LogD3D11RHI:   Driver Version: 471.41 (internal:30.0.14.7141, unified:471.41)
[2023.02.10-08.16.35:205][  0]LogD3D11RHI:      Driver Date: 7-12-2021
[2023.02.10-08.16.35:205][  0]LogRHI: Texture pool is 5630 MB (70% of 8044 MB)
[2023.02.10-08.16.35:205][  0]LogD3D11RHI: Creating D3DDevice using adapter:
[2023.02.10-08.16.35:205][  0]LogD3D11RHI:     Description : NVIDIA GeForce RTX 3070 Laptop GPU
[2023.02.10-08.16.35:205][  0]LogD3D11RHI:     VendorId    : 10de
[2023.02.10-08.16.35:205][  0]LogD3D11RHI:     DeviceId    : 249d
[2023.02.10-08.16.35:205][  0]LogD3D11RHI:     SubSysId    : 12f51462
[2023.02.10-08.16.35:205][  0]LogD3D11RHI:     Revision    : 00a1
[2023.02.10-08.16.35:205][  0]LogD3D11RHI:     DedicatedVideoMemory : 8434745344 bytes
[2023.02.10-08.16.35:205][  0]LogD3D11RHI:     DedicatedSystemMemory : 0 bytes
[2023.02.10-08.16.35:205][  0]LogD3D11RHI:     SharedSystemMemory : 17023172608 bytes
[2023.02.10-08.16.35:205][  0]LogD3D11RHI:     AdapterLuid : 0 71486
[2023.02.10-08.16.35:291][  0]LogD3D11RHI: RHI has support for 64 bit atomics
[2023.02.10-08.16.35:292][  0]LogD3D11RHI: Async texture creation enabled
[2023.02.10-08.16.35:292][  0]LogD3D11RHI: Array index from any shader is supported
[2023.02.10-08.16.35:315][  0]LogD3D11RHI: GPU Timing Frequency: 1000.000000 (Debug: 2 1)
[2023.02.10-08.16.35:342][  0]LogRHI: GeForceNow SDK initialized: 1
[2023.02.10-08.16.35:838][  0]LogTargetPlatformManager: Display: Loaded TargetPlatform 'AllDesktop'
[2023.02.10-08.16.35:858][  0]LogTargetPlatformManager: Display: Loaded TargetPlatform 'Android'
[2023.02.10-08.16.35:858][  0]LogTargetPlatformManager: Display: Loaded TargetPlatform 'Android_ASTC'
[2023.02.10-08.16.35:858][  0]LogTargetPlatformManager: Display: Loaded TargetPlatform 'Android_DXT'
[2023.02.10-08.16.35:858][  0]LogTargetPlatformManager: Display: Loaded TargetPlatform 'Android_ETC2'
[2023.02.10-08.16.35:858][  0]LogTargetPlatformManager: Display: Loaded TargetPlatform 'AndroidClient'
[2023.02.10-08.16.35:858][  0]LogTargetPlatformManager: Display: Loaded TargetPlatform 'Android_ASTCClient'
[2023.02.10-08.16.35:858][  0]LogTargetPlatformManager: Display: Loaded TargetPlatform 'Android_DXTClient'
[2023.02.10-08.16.35:858][  0]LogTargetPlatformManager: Display: Loaded TargetPlatform 'Android_ETC2Client'
[2023.02.10-08.16.35:858][  0]LogTargetPlatformManager: Display: Loaded TargetPlatform 'Android_Multi'
[2023.02.10-08.16.35:858][  0]LogTargetPlatformManager: Display: Loaded TargetPlatform 'Android_MultiClient'
[2023.02.10-08.16.35:877][  0]LogTargetPlatformManager: Display: Loaded TargetPlatform 'IOSClient'
[2023.02.10-08.16.35:877][  0]LogTargetPlatformManager: Display: Loaded TargetPlatform 'IOS'
[2023.02.10-08.16.35:886][  0]LogTargetPlatformManager: Display: Loaded TargetPlatform 'Linux'
[2023.02.10-08.16.35:890][  0]LogTargetPlatformManager: Display: Loaded TargetPlatform 'LinuxNoEditor'
[2023.02.10-08.16.35:895][  0]LogTargetPlatformManager: Display: Loaded TargetPlatform 'LinuxClient'
[2023.02.10-08.16.35:900][  0]LogTargetPlatformManager: Display: Loaded TargetPlatform 'LinuxServer'
[2023.02.10-08.16.35:909][  0]LogTargetPlatformManager: Display: Loaded TargetPlatform 'LinuxAArch64NoEditor'
[2023.02.10-08.16.35:914][  0]LogTargetPlatformManager: Display: Loaded TargetPlatform 'LinuxAArch64Client'
[2023.02.10-08.16.35:918][  0]LogTargetPlatformManager: Display: Loaded TargetPlatform 'LinuxAArch64Server'
[2023.02.10-08.16.35:941][  0]LogTargetPlatformManager: Display: Loaded TargetPlatform 'Lumin'
[2023.02.10-08.16.35:941][  0]LogTargetPlatformManager: Display: Loaded TargetPlatform 'LuminClient'
[2023.02.10-08.16.35:950][  0]LogTargetPlatformManager: Display: Loaded TargetPlatform 'MacNoEditor'
[2023.02.10-08.16.35:954][  0]LogTargetPlatformManager: Display: Loaded TargetPlatform 'Mac'
[2023.02.10-08.16.35:959][  0]LogTargetPlatformManager: Display: Loaded TargetPlatform 'MacClient'
[2023.02.10-08.16.35:966][  0]LogTargetPlatformManager: Display: Loaded TargetPlatform 'MacServer'
[2023.02.10-08.16.35:980][  0]LogTargetPlatformManager: Display: Loaded TargetPlatform 'TVOSClient'
[2023.02.10-08.16.35:980][  0]LogTargetPlatformManager: Display: Loaded TargetPlatform 'TVOS'
[2023.02.10-08.16.35:989][  0]LogTargetPlatformManager: Display: Loaded TargetPlatform 'WindowsNoEditor'
[2023.02.10-08.16.35:994][  0]LogTargetPlatformManager: Display: Loaded TargetPlatform 'Windows'
[2023.02.10-08.16.35:998][  0]LogTargetPlatformManager: Display: Loaded TargetPlatform 'WindowsClient'
[2023.02.10-08.16.36:002][  0]LogTargetPlatformManager: Display: Loaded TargetPlatform 'WindowsServer'
[2023.02.10-08.16.36:003][  0]LogTargetPlatformManager: Display: Building Assets For Windows
[2023.02.10-08.16.36:010][  0]LogAudioDebug: Display: Lib vorbis DLL was dynamically loaded.
[2023.02.10-08.16.36:044][  0]LogTextureFormatOodle: Display: Oodle Texture 2.9.0 init RDO Off
[2023.02.10-08.16.36:076][  0]LogRendererCore: Ray tracing is disabled. Reason: r.RayTracing=0.
[2023.02.10-08.16.36:076][  0]LogShaderCompilers: Guid format shader working directory is 13 characters bigger than the processId version (../../../../../../PG/tataku/tatakugame/Intermediate/Shaders/WorkingDirectory/22424/).
[2023.02.10-08.16.36:076][  0]LogShaderCompilers: Cleaned the shader compiler working directory 'C:/Users/kbc12205194/AppData/Local/Temp/UnrealShaderWorkingDir/1902D2534DCBC2FD9CEC49A3A641CDDA/'.
[2023.02.10-08.16.36:076][  0]LogXGEController: Cannot use XGE Controller as Incredibuild is not installed on this machine.
[2023.02.10-08.16.36:076][  0]LogShaderCompilers: Cannot use XGE Shader Compiler as Incredibuild is not installed on this machine.
[2023.02.10-08.16.36:077][  0]LogShaderCompilers: Display: Using Local Shader Compiler.
[2023.02.10-08.16.36:950][  0]LogDerivedDataCache: Display: Max Cache Size: 512 MB
[2023.02.10-08.16.37:010][  0]LogDerivedDataCache: Loaded boot cache 0.06s 94MB C:/Users/kbc12205194/AppData/Local/UnrealEngine/4.27/DerivedDataCache/Boot.ddc.
[2023.02.10-08.16.37:010][  0]LogDerivedDataCache: Display: Loaded Boot cache: C:/Users/kbc12205194/AppData/Local/UnrealEngine/4.27/DerivedDataCache/Boot.ddc
[2023.02.10-08.16.37:010][  0]LogDerivedDataCache: FDerivedDataBackendGraph:  Pak pak cache file ../../../../../../PG/tataku/tatakugame/DerivedDataCache/DDC.ddp not found, will not use a pak cache.
[2023.02.10-08.16.37:010][  0]LogDerivedDataCache: Unable to find inner node Pak for hierarchical cache Hierarchy.
[2023.02.10-08.16.37:010][  0]LogDerivedDataCache: FDerivedDataBackendGraph:  CompressedPak pak cache file ../../../../../../PG/tataku/tatakugame/DerivedDataCache/Compressed.ddp not found, will not use a pak cache.
[2023.02.10-08.16.37:010][  0]LogDerivedDataCache: Unable to find inner node CompressedPak for hierarchical cache Hierarchy.
[2023.02.10-08.16.37:036][  0]LogDerivedDataCache: Display: Pak cache opened for reading ../../../Engine/DerivedDataCache/Compressed.ddp.
[2023.02.10-08.16.37:036][  0]LogDerivedDataCache: FDerivedDataBackendGraph:  EnterprisePak pak cache file ../../../Enterprise/DerivedDataCache/Compressed.ddp not found, will not use a pak cache.
[2023.02.10-08.16.37:036][  0]LogDerivedDataCache: Unable to find inner node EnterprisePak for hierarchical cache Hierarchy.
[2023.02.10-08.16.37:077][  0]LogDerivedDataCache: Speed tests for C:/Users/kbc12205194/AppData/Local/UnrealEngine/Common/DerivedDataCache took 0.04 seconds
[2023.02.10-08.16.37:078][  0]LogDerivedDataCache: Display: Performance to C:/Users/kbc12205194/AppData/Local/UnrealEngine/Common/DerivedDataCache: Latency=0.05ms. RandomReadSpeed=845.02MBs, RandomWriteSpeed=23.87MBs. Assigned SpeedClass 'Local'
[2023.02.10-08.16.37:079][  0]LogDerivedDataCache: Using Local data cache path C:/Users/kbc12205194/AppData/Local/UnrealEngine/Common/DerivedDataCache: Writable
[2023.02.10-08.16.37:079][  0]LogDerivedDataCache: Shared data cache path not found in *engine.ini, will not use an Shared cache.
[2023.02.10-08.16.37:079][  0]LogDerivedDataCache: Unable to find inner node Shared for hierarchical cache Hierarchy.
[2023.02.10-08.16.37:161][  0]LogSlate: Using FreeType 2.10.0
[2023.02.10-08.16.37:162][  0]LogSlate: SlateFontServices - WITH_FREETYPE: 1, WITH_HARFBUZZ: 1
[2023.02.10-08.16.37:205][  0]LogAssetRegistry: FAssetRegistry took 0.0051 seconds to start up
[2023.02.10-08.16.37:516][  0]LogInit: Selected Device Profile: [Windows]
[2023.02.10-08.16.37:516][  0]LogInit: Active device profile: [000001DEFE3B2D00][000001DEF014F2C0 49] Windows
[2023.02.10-08.16.37:516][  0]LogInit: Profiles: [000001DEFE3B2D00][000001DEF014F2C0 49] Windows, [000001DEFE2B2800][000001DEFEB69440 49] WindowsNoEditor, [000001DEFE3B1100][000001DEFEBA95C0 49] WindowsServer, [000001DEFE2B2900][000001DEFEBAD740 49] WindowsClient, [000001DEFE3B2800][000001DEFEBB18C0 49] IOS, [000001DEFE3B1200][000001DEFEBB5A40 49] iPadAir, [000001DEFE312100][000001DEFEBB9BC0 49] iPadAir2, [000001DEFE078D00][000001DEFD6AC300 49] IPadPro, [000001DEFE078E00][000001DEFD6A4340 49] iPadAir3, [000001DEFE310600][000001DEF4FDE4C0 49] iPadAir4, [000001DEFE078200][000001DEF0152600 49] iPadMini2, [000001DEFE313800][000001DEFA424740 49] iPadMini3, [000001DEFE07AE00][000001DEFA428880 49] iPadMini4, [000001DEFE312000][000001DEFA4349C0 49] iPadMini5, [000001DEFE2B3D00][000001DEFED2AC80 49] iPhone6, [000001DEFE2B3C00][000001DEFECBCCC0 49] iPodTouch6, [000001DEFE078900][000001DEF4F26F80 49] iPhone7, [000001DEFE07B600][000001DEF4F0AFC0 49] iPodTouch7, [000001DEFE2B1600][000001DEF4F4B140 49] iPhone5S, [000001DEFE079600][000001DEFED4D2C0 49] iPhone6Plus, [000001DEFE2B3400][000001DEFEE29440 49] iPhone6S, [000001DEFE079400][000001DEFEE5D5C0 49] iPhone6SPlus, [000001DEFE2B2300][000001DEFEED1740 49] iPhone7Plus, [000001DEFE07A100][000001DEFEED58C0 49] iPhoneSE, [000001DEFE2B2500][000001DEFEED9A40 49] iPhone8, [000001DEFE078B00][000001DEFEEDDBC0 49] iPhone8Plus, [000001DEFE2B0900][000001DEFEEF01C0 49] iPhoneX, [000001DEFE07A800][000001DEFEFBA340 49] iPhoneXS, [000001DEFE2B0200][000001DEFEFBE4C0 49] iPhoneXSMax, [000001DEFE078100][000001DEFEFC2640 49] iPhoneXR, [000001DEFE2B3500][000001DEFECB8780 49] iPhone11, [000001DEFE07B100][000001DEFEFC68C0 49] iPhone11Pro, [000001DEFE2B3900][000001DEFEFCAA00 49] iPhone11ProMax, [000001DEFE07BD00][000001DEFEFCEB40 49] iPhoneSE2, [000001DEFE2B3B00][000001DEFF094CC0 49] iPhone12Mini, [000001DEFE07AF00][000001DEFF098E40 49] iPhone12, [000001DEFE2B0D00][000001DEFF09CFC0 49] iPhone12Pro, [000001DEFE07A900][000001DEFF0A5140 49] iPhone12ProMax, [000001DEFE2B0400][000001DEFF0A92C0 49] iPadPro105, [000001DEFE07A500][000001DEFF0B5440 49] iPadPro129, [000001DEFE2B0100][000001DEFF0B95C0 49] iPadPro97, [000001DEFE07A700][000001DEFE931740 49] iPadPro2_129, [000001DEFE2B0600][000001DEFE9398C0 49] iPad5, [000001DEFE07AC00][000001DEFE93DA40 49] iPad6, [000001DEFE2B0E00][000001DEFE945BC0 49] iPad7, [000001DEFE079500][000001DEFE97A1C0 49] iPad8, [000001DEFE2B3700][000001DEFE97E340 49] iPadPro11, [000001DEFE07BC00][000001DEFF13A4C0 49] iPadPro2_11, [000001DEFE2B3200][000001DEFEBEC640 49] iPadPro3_129, [000001DEFE07A200][000001DEFEBF07C0 49] iPadPro4_129, [000001DEFE2B1F00][000001DEFEBF4940 49] AppleTV, [000001DEFE079A00][000001DEFF090A80 49] AppleTV4K, [000001DEFE2B1A00][000001DEFEBF8BC0 49] TVOS, [000001DEFE078F00][000001DEFEBFCD00 49] Mac, [000001DEFE2B2200][000001DEFEC04E80 49] MacClient, [000001DEFE079700][000001DEFEC09000 49] MacNoEditor, [000001DEFE2B3E00][000001DEFEC0D180 49] MacServer, [000001DEFE07B400][000001DEFEC11300 49] Linux, [000001DEFE2B2B00][000001DEFEC15480 49] LinuxAArch64, [000001DEFE07B200][000001DEFEC19600 49] LinuxNoEditor, [000001DEFE2B3000][000001DEFEC1D780 49] LinuxAArch64NoEditor, [000001DEFE079E00][000001DEFEC21900 49] LinuxClient, [000001DEFE2B3600][000001DEFEC25A80 49] LinuxAArch64Client, [000001DEFE078300][000001DEFEC29C00 49] LinuxServer, [000001DEFE2B1200][000001DEFEC2C200 49] LinuxAArch64Server, [000001DEFE07A000][000001DEFEC30380 49] Android, [000001DEFE310200][000001DEFEC34500 49] Android_Low, [000001DEFE3B1E00][000001DEFEC38680 49] Android_Mid, [000001DEFE313000][000001DEFEC3C800 49] Android_High, [000001DEFE3B2900][000001DEFEC40980 49] Android_Default, [000001DEFE311700][000001DEFEC44B00 49] Android_Adreno4xx, [000001DEFE3B0700][000001DEFEC00C40 49] Android_Adreno5xx_Low, [000001DEFE310D00][000001DEFEC48D80 49] Android_Adreno5xx, [000001DEFE3B1300][000001DEFEC4CEC0 49] Android_Adreno6xx, [000001DEFE311000][000001DEFEC55040 49] Android_Adreno6xx_Vulkan, [000001DEFE3B0100][000001DEFEC591C0 49] Android_Mali_T6xx, [000001DEFE312E00][000001DEFEC5D340 49] Android_Mali_T7xx, [000001DEFE3B2500][000001DEFEC614C0 49] Android_Mali_T8xx, [000001DEFE313E00][000001DEFEC65640 49] Android_Mali_G71, [000001DEFE3B3000][000001DEFEC697C0 49] Android_Mali_G72, [000001DEFE313500][000001DEFEC6D940 49] Android_Mali_G72_Vulkan, [000001DEFE3B0B00][000001DEFEC71AC0 49] Android_Mali_G76, [000001DEFE310C00][000001DEFEC740C0 49] Android_Mali_G76_Vulkan, [000001DEFE3B2B00][000001DEFEC78240 49] Android_Mali_G77, [000001DEFE311600][000001DEFEC7C3C0 49] Android_Mali_G77_Vulkan, [000001DEFE3B2100][000001DEFEC80540 49] Android_Mali_G78, [000001DEFE313600][000001DEFEC846C0 49] Android_Mali_G78_Vulkan, [000001DEFE3B1600][000001DEFEC88840 49] Android_Mali_G710, [000001DEFE310F00][000001DEFEC8C9C0 49] Android_Mali_G710_Vulkan, [000001DEFE3B1700][000001DEFEC90B40 49] Android_Vulkan_SM5, [000001DEFE312600][000001DEFEC94CC0 49] Android_PowerVR_G6xxx, [000001DEFE3B0600][000001DEFEC50E00 49] Android_PowerVR_GT7xxx, [000001DEFE312500][000001DEFEC98F40 49] Android_PowerVR_GE8xxx, [000001DEFE3B2C00][000001DEFEC9D080 49] Android_PowerVR_GM9xxx, [000001DEFE07B300][000001DEFECA11C0 49] Android_PowerVR_GM9xxx_Vulkan, [000001DEFE3B1C00][000001DEFECA9340 49] Android_TegraK1, [000001DEFE078800][000001DEFECAD4C0 49] Android_Unknown_Vulkan, [000001DEFE3B0900][000001DEFECB1640 49] Lumin, [000001DEFE079000][000001DEFECB57C0 49] Lumin_Desktop, [000001DEFE3B3200][000001DEFFB0F940 49] HoloLens, 
[2023.02.10-08.16.37:658][  0]LogMeshReduction: Using QuadricMeshReduction for automatic static mesh reduction
[2023.02.10-08.16.37:658][  0]LogMeshReduction: Using SimplygonMeshReduction for automatic skeletal mesh reduction
[2023.02.10-08.16.37:658][  0]LogMeshReduction: Using ProxyLODMeshReduction for automatic mesh merging
[2023.02.10-08.16.37:658][  0]LogMeshReduction: No distributed automatic mesh merging module available
[2023.02.10-08.16.37:658][  0]LogMeshMerging: No distributed automatic mesh merging module available
[2023.02.10-08.16.37:684][  0]LogNetVersion: tatakugame 1.0.0, NetCL: 17155196, EngineNetVer: 17, GameNetVer: 0 (Checksum: 393708002)
[2023.02.10-08.16.38:118][  0]LogTexture: Default maximum texture size for cubemaps generated from long-lat sources has been changed from 512 to unlimited. In order to preserve old behaiour for '/Engine/MapTemplates/Sky/DaylightAmbientCubemap.DaylightAmbientCubemap', its maximum texture size has been explicitly set to 512.
[2023.02.10-08.16.38:177][  0]LogHMD: PokeAHoleMaterial loaded successfully
[2023.02.10-08.16.38:183][  0]LogUObjectArray: 17178 objects as part of root set at end of initial load.
[2023.02.10-08.16.38:183][  0]LogUObjectAllocator: 4302048 out of 0 bytes used by permanent object pool.
[2023.02.10-08.16.38:183][  0]LogUObjectArray: CloseDisregardForGC: 0/0 objects in disregard for GC pool
[2023.02.10-08.16.38:495][  0]LogNiagaraDebuggerClient: Niagara Debugger Client Initialized | Session: 03983BE7434AEABD407CF3B28A951AFC | Instance: 899B896344687CCDEF26628F80CAB577 (KBC12205194-22424).
[2023.02.10-08.16.38:531][  0]LogPython: Using Python 3.7.7
[2023.02.10-08.16.39:150][  0]LogTcpMessaging: Initializing TcpMessaging bridge
[2023.02.10-08.16.39:155][  0]LogUdpMessaging: Initializing bridge on interface 0.0.0.0:0 to multicast group 230.0.0.1:6666.
[2023.02.10-08.16.39:228][  0]LogLinker: Warning:  '/Game/2DSideScrollerBP/2DSideScrollerOverview' のロードに失敗しました: ファイルが見つかりません
[2023.02.10-08.16.39:229][  0]LogLinker: Warning:  '/Game/2DSideScrollerBP/2DSideScrollerOverview' のロードに失敗しました: ファイルが見つかりません
[2023.02.10-08.16.39:229][  0]LogUObjectGlobals: Warning: オブジェクト 'Class /Game/2DSideScrollerBP/2DSideScrollerOverview.2DSideScrollerOverview_C' が見つかりませんでした
[2023.02.10-08.16.39:411][  0]SourceControl: ソースコントロールは無効です
[2023.02.10-08.16.39:411][  0]SourceControl: ソースコントロールは無効です
[2023.02.10-08.16.39:416][  0]SourceControl: ソースコントロールは無効です
[2023.02.10-08.16.39:419][  0]SourceControl: ソースコントロールは無効です
[2023.02.10-08.16.39:426][  0]SourceControl: ソースコントロールは無効です
[2023.02.10-08.16.39:439][  0]LogUProjectInfo: Found projects:
[2023.02.10-08.16.39:577][  0]LogOpenImageDenoise: OIDN starting up
[2023.02.10-08.16.39:620][  0]LogAndroidPermission: UAndroidPermissionCallbackProxy::GetInstance
[2023.02.10-08.16.39:637][  0]LogAudioCaptureCore: Display: No Audio Capture implementations found. Audio input will be silent.
[2023.02.10-08.16.39:637][  0]LogAudioCaptureCore: Display: No Audio Capture implementations found. Audio input will be silent.
[2023.02.10-08.16.39:778][  0]LogCollectionManager: Loaded 0 collections in 0.002091 seconds
[2023.02.10-08.16.39:802][  0]LogFileCache: Scanning file cache for directory 'C:/PG/tataku/tatakugame/Saved/Collections/' took 0.00s
[2023.02.10-08.16.39:802][  0]LogFileCache: Scanning file cache for directory 'C:/PG/tataku/tatakugame/Content/Developers/kbc12205194/Collections/' took 0.00s
[2023.02.10-08.16.39:802][  0]LogFileCache: Scanning file cache for directory 'C:/PG/tataku/tatakugame/Content/Collections/' took 0.00s
[2023.02.10-08.16.39:802][  0]LogOcInput: OculusInput pre-init called
[2023.02.10-08.16.40:087][  0]LogEngine: Initializing Engine...
[2023.02.10-08.16.40:090][  0]LogHMD: Failed to enumerate extensions. Please check that you have a valid OpenXR runtime installed.
[2023.02.10-08.16.40:090][  0]LogHMD: Failed to initialize OpenVR with code 110
[2023.02.10-08.16.40:090][  0]LogMagicLeap: Warning: VR disabled because ZI is not enabled.  To enable, in the editor, Edit -> Project Settings -> Plugins -> Magic Leap Plugin -> Enable Zero Iteration
[2023.02.10-08.16.40:091][  0]LogStats: UGameplayTagsManager::InitializeManager -  0.000 s
[2023.02.10-08.16.40:256][  0]LogInit: Initializing FReadOnlyCVARCache
[2023.02.10-08.16.40:265][  0]LogAIModule: Creating AISystem for world Untitled
[2023.02.10-08.16.40:271][  0]LogAudio: Display: Initializing Audio Device Manager...
[2023.02.10-08.16.40:275][  0]LogAudio: Display: Loading Default Audio Settings Objects...
[2023.02.10-08.16.40:276][  0]LogAudio: Display: No default SoundConcurrencyObject specified (or failed to load).
[2023.02.10-08.16.40:276][  0]LogAudio: Display: Audio Device Manager Initialized
[2023.02.10-08.16.40:276][  0]LogAudio: Display: Creating Audio Device:                 Id: 1, Scope: Shared, Realtime: True
[2023.02.10-08.16.40:276][  0]LogAudioMixer: Display: Audio Mixer Platform Settings:
[2023.02.10-08.16.40:276][  0]LogAudioMixer: Display: 	Sample Rate:						  48000
[2023.02.10-08.16.40:276][  0]LogAudioMixer: Display: 	Callback Buffer Frame Size Requested: 1024
[2023.02.10-08.16.40:276][  0]LogAudioMixer: Display: 	Callback Buffer Frame Size To Use:	  1024
[2023.02.10-08.16.40:276][  0]LogAudioMixer: Display: 	Number of buffers to queue:			  2
[2023.02.10-08.16.40:276][  0]LogAudioMixer: Display: 	Max Channels (voices):				  32
[2023.02.10-08.16.40:276][  0]LogAudioMixer: Display: 	Number of Async Source Workers:		  0
[2023.02.10-08.16.40:276][  0]LogAudio: Display: AudioDevice MaxSources: 32
[2023.02.10-08.16.40:276][  0]LogAudio: Display: Audio Spatialization Plugin: None (built-in).
[2023.02.10-08.16.40:276][  0]LogAudio: Display: Audio Reverb Plugin: None (built-in).
[2023.02.10-08.16.40:276][  0]LogAudio: Display: Audio Occlusion Plugin: None (built-in).
[2023.02.10-08.16.40:276][  0]LogAudioMixer: Display: Initializing audio mixer.
[2023.02.10-08.16.40:327][  0]LogAudioMixer: Display: 0: FrontLeft
[2023.02.10-08.16.40:327][  0]LogAudioMixer: Display: 1: FrontRight
[2023.02.10-08.16.40:872][  0]LogAudioMixer: Display: Using Audio Device スピーカー (2- Realtek(R) Audio)
[2023.02.10-08.16.40:872][  0]LogAudioMixer: Display: Initializing Sound Submixes...
[2023.02.10-08.16.40:875][  0]LogAudioMixer: Display: Creating Master Submix 'MasterSubmixDefault'
[2023.02.10-08.16.40:875][  0]LogAudioMixer: Display: Creating Master Submix 'MasterReverbSubmixDefault'
[2023.02.10-08.16.40:876][  0]LogAudioMixer: Display: Creating Master Submix 'MasterEQSubmixDefault'
[2023.02.10-08.16.40:876][  0]LogAudioMixer: FMixerPlatformXAudio2::StartAudioStream() called
[2023.02.10-08.16.40:876][  0]LogAudioMixer: Display: Output buffers initialized: Frames=1024, Channels=2, Samples=2048
[2023.02.10-08.16.40:877][  0]LogAudioMixer: Display: Starting AudioMixerPlatformInterface::RunInternal()
[2023.02.10-08.16.40:877][  0]LogAudioMixer: Display: FMixerPlatformXAudio2::SubmitBuffer() called for the first time
[2023.02.10-08.16.40:877][  0]LogInit: FAudioDevice initialized.
[2023.02.10-08.16.40:877][  0]LogAudio: Display: Audio Device (ID: 1) registered with world 'Untitled'.
[2023.02.10-08.16.40:877][  0]LogNetVersion: Set ProjectVersion to 1.0.0.0. Version Checksum will be recalculated on next use.
[2023.02.10-08.16.40:990][  0]LogDerivedDataCache: Saved boot cache 0.11s 94MB C:/Users/kbc12205194/AppData/Local/UnrealEngine/4.27/DerivedDataCache/Boot.ddc.
[2023.02.10-08.16.40:990][  0]LogInit: Texture streaming: Enabled
[2023.02.10-08.16.41:022][  0]LogAnalytics: Display: [UEEditor.Rocket.Release] APIServer = https://datarouter.ol.epicgames.com/. AppVersion = 4.27.2-18319896+++UE4+Release-4.27
[2023.02.10-08.16.41:031][  0]LogEngineSessionManager: EngineSessionManager initialized
[2023.02.10-08.16.41:032][  0]LogEditorSessionSummary: Verbose: Initializing EditorSessionSummaryWriter for editor session tracking
[2023.02.10-08.16.41:036][  0]LogEditorSessionSummary: EditorSessionSummaryWriter initialized
[2023.02.10-08.16.41:091][  0]LogInit: Transaction tracking system initialized
[2023.02.10-08.16.41:122][  0]BlueprintLog: New page: エディタの読み込み
[2023.02.10-08.16.41:192][  0]LocalizationService: ローカライズのサービスが無効になりました
[2023.02.10-08.16.41:215][  0]TimingProfiler: Initialize
[2023.02.10-08.16.41:215][  0]TimingProfiler: OnSessionChanged
[2023.02.10-08.16.41:215][  0]LoadingProfiler: Initialize
[2023.02.10-08.16.41:216][  0]LoadingProfiler: OnSessionChanged
[2023.02.10-08.16.41:216][  0]NetworkingProfiler: Initialize
[2023.02.10-08.16.41:216][  0]NetworkingProfiler: OnSessionChanged
[2023.02.10-08.16.41:216][  0]MemoryProfiler: Initialize
[2023.02.10-08.16.41:216][  0]MemoryProfiler: OnSessionChanged
[2023.02.10-08.16.41:398][  0]LogCook: Display: CookSettings for Memory: MemoryMaxUsedVirtual 0MiB, MemoryMaxUsedPhysical 16384MiB, MemoryMinFreeVirtual 0MiB, MemoryMinFreePhysical 1024MiB
[2023.02.10-08.16.41:400][  0]LogCook: Display: Mobile HDR setting 1
[2023.02.10-08.16.41:593][  0]LogFileCache: Scanning file cache for directory 'C:/PG/tataku/tatakugame/Content/' took 0.01s
[2023.02.10-08.16.41:805][  0]LogInit: Display: Engine is initialized. Leaving FEngineLoop::Init()
[2023.02.10-08.16.41:809][  0]SourceControl: ソースコントロールは無効です
[2023.02.10-08.16.41:809][  0]LogUnrealEdMisc: Loading editor; pre map load, took 9.566
[2023.02.10-08.16.41:809][  0]Cmd: MAP LOAD FILE="../../../../../../PG/tataku/tatakugame/Content/SideScrollerBP/Maps/SideScrollerExampleMap.umap" TEMPLATE=0 SHOWPROGRESS=1 FEATURELEVEL=3
[2023.02.10-08.16.41:809][  0]LightingResults: New page: ライティングのビルド
[2023.02.10-08.16.41:810][  0]LogWorld: UWorld::CleanupWorld for Untitled, bSessionEnded=true, bCleanupResources=true
[2023.02.10-08.16.41:811][  0]LogSlate: InvalidateAllWidgets triggered.  All widgets were invalidated
[2023.02.10-08.16.41:811][  0]MapCheck: New page: マップをチェック
[2023.02.10-08.16.41:811][  0]LightingResults: New page: <何も選択されていません>
[2023.02.10-08.16.41:816][  0]LogAudio: Display: Audio Device unregistered from world 'None'.
[2023.02.10-08.16.41:819][  0]LogUObjectHash: Compacting FUObjectHashTables data took   0.96ms
[2023.02.10-08.16.42:067][  0]LogAudio: Display: Audio Device (ID: 1) registered with world 'SideScrollerExampleMap'.
[2023.02.10-08.16.42:068][  0]LogAIModule: Creating AISystem for world SideScrollerExampleMap
[2023.02.10-08.16.42:075][  0]LogEditorServer: Finished looking for orphan Actors (0.000 secs)
[2023.02.10-08.16.42:084][  0]LogUObjectHash: Compacting FUObjectHashTables data took   0.83ms
[2023.02.10-08.16.42:084][  0]Cmd: MAP CHECKDEP NOCLEARLOG
[2023.02.10-08.16.42:085][  0]MapCheck: マップチェックが完了: 0 エラー、 0 警告、完了に 0.186ミリ秒かかりました。
[2023.02.10-08.16.42:085][  0]LogFileHelpers: Loading map 'SideScrollerExampleMap' took 0.276
[2023.02.10-08.16.42:087][  0]LogUnrealEdMisc: Total Editor Startup Time, took 9.844
[2023.02.10-08.16.42:202][  0]LogWindowsTextInputMethodSystem: Display: IME system activated using TSF (Microsoft IME).
[2023.02.10-08.16.42:265][  0]LogSlate: Updating window title bar state: overlay mode, drag disabled, window buttons hidden, title bar hidden
[2023.02.10-08.16.42:272][  0]LogSlate: Updating window title bar state: overlay mode, drag disabled, window buttons hidden, title bar hidden
[2023.02.10-08.16.42:277][  0]LogSlate: Updating window title bar state: overlay mode, drag disabled, window buttons hidden, title bar hidden
[2023.02.10-08.16.42:283][  0]LogSlate: Updating window title bar state: overlay mode, drag disabled, window buttons hidden, title bar hidden
[2023.02.10-08.16.42:297][  0]LogNativeClassHierarchy: Verbose: Native class hierarchy populated in 0.0094 seconds. Added 3822 classes and 928 folders.
[2023.02.10-08.16.42:314][  0]LogNativeClassHierarchy: Verbose: Native class hierarchy updated for 'WidgetCarousel' in 0.0002 seconds. Added 0 classes and 0 folders.
[2023.02.10-08.16.42:317][  0]LogPakFile: PakFile PrimaryIndexSize=187
[2023.02.10-08.16.42:317][  0]LogPakFile: PakFile PathHashIndexSize=101
[2023.02.10-08.16.42:318][  0]LogPakFile: PakFile FullDirectoryIndexSize=148
[2023.02.10-08.16.42:318][  0]LogShaderLibrary: Display: ShaderCodeLibraryPakFileMountedCallback: PakFile 'C:/Program Files/Epic Games/UE_4.27/FeaturePacks/FP_FirstPerson.upack' (chunk index -1, root 'root:/') mounted
[2023.02.10-08.16.42:318][  0]LogShaderLibrary: Display: ShaderCodeLibraryPakFileMountedCallback: pending pak file info (ChunkID:-1 Root:root:/ File:C:/Program Files/Epic Games/UE_4.27/FeaturePacks/FP_FirstPerson.upack)
[2023.02.10-08.16.42:318][  0]LogPakFile: OnPakFileMounted2Time == 0.000053
[2023.02.10-08.16.42:318][  0]LogPakFile: PakFile PrimaryIndexSize=189
[2023.02.10-08.16.42:318][  0]LogPakFile: PakFile PathHashIndexSize=101
[2023.02.10-08.16.42:318][  0]LogPakFile: PakFile FullDirectoryIndexSize=152
[2023.02.10-08.16.42:318][  0]LogShaderLibrary: Display: ShaderCodeLibraryPakFileMountedCallback: PakFile 'C:/Program Files/Epic Games/UE_4.27/FeaturePacks/FP_FirstPersonBP.upack' (chunk index -1, root 'root:/') mounted
[2023.02.10-08.16.42:318][  0]LogShaderLibrary: Display: ShaderCodeLibraryPakFileMountedCallback: pending pak file info (ChunkID:-1 Root:root:/ File:C:/Program Files/Epic Games/UE_4.27/FeaturePacks/FP_FirstPersonBP.upack)
[2023.02.10-08.16.42:318][  0]LogPakFile: OnPakFileMounted2Time == 0.000039
[2023.02.10-08.16.42:319][  0]LogPakFile: PakFile PrimaryIndexSize=191
[2023.02.10-08.16.42:319][  0]LogPakFile: PakFile PathHashIndexSize=101
[2023.02.10-08.16.42:319][  0]LogPakFile: PakFile FullDirectoryIndexSize=160
[2023.02.10-08.16.42:319][  0]LogShaderLibrary: Display: ShaderCodeLibraryPakFileMountedCallback: PakFile 'C:/Program Files/Epic Games/UE_4.27/FeaturePacks/MobileStarterContent.upack' (chunk index -1, root 'root:/') mounted
[2023.02.10-08.16.42:319][  0]LogShaderLibrary: Display: ShaderCodeLibraryPakFileMountedCallback: pending pak file info (ChunkID:-1 Root:root:/ File:C:/Program Files/Epic Games/UE_4.27/FeaturePacks/MobileStarterContent.upack)
[2023.02.10-08.16.42:320][  0]LogPakFile: OnPakFileMounted2Time == 0.000035
[2023.02.10-08.16.42:320][  0]LogPakFile: PakFile PrimaryIndexSize=185
[2023.02.10-08.16.42:320][  0]LogPakFile: PakFile PathHashIndexSize=101
[2023.02.10-08.16.42:320][  0]LogPakFile: PakFile FullDirectoryIndexSize=148
[2023.02.10-08.16.42:320][  0]LogShaderLibrary: Display: ShaderCodeLibraryPakFileMountedCallback: PakFile 'C:/Program Files/Epic Games/UE_4.27/FeaturePacks/StarterContent.upack' (chunk index -1, root 'root:/') mounted
[2023.02.10-08.16.42:320][  0]LogShaderLibrary: Display: ShaderCodeLibraryPakFileMountedCallback: pending pak file info (ChunkID:-1 Root:root:/ File:C:/Program Files/Epic Games/UE_4.27/FeaturePacks/StarterContent.upack)
[2023.02.10-08.16.42:320][  0]LogPakFile: OnPakFileMounted2Time == 0.000034
[2023.02.10-08.16.42:321][  0]LogPakFile: PakFile PrimaryIndexSize=190
[2023.02.10-08.16.42:321][  0]LogPakFile: PakFile PathHashIndexSize=101
[2023.02.10-08.16.42:321][  0]LogPakFile: PakFile FullDirectoryIndexSize=154
[2023.02.10-08.16.42:321][  0]LogShaderLibrary: Display: ShaderCodeLibraryPakFileMountedCallback: PakFile 'C:/Program Files/Epic Games/UE_4.27/FeaturePacks/TP_2DSideScroller.upack' (chunk index -1, root 'root:/') mounted
[2023.02.10-08.16.42:321][  0]LogShaderLibrary: Display: ShaderCodeLibraryPakFileMountedCallback: pending pak file info (ChunkID:-1 Root:root:/ File:C:/Program Files/Epic Games/UE_4.27/FeaturePacks/TP_2DSideScroller.upack)
[2023.02.10-08.16.42:321][  0]LogPakFile: OnPakFileMounted2Time == 0.000033
[2023.02.10-08.16.42:321][  0]LogPakFile: PakFile PrimaryIndexSize=192
[2023.02.10-08.16.42:321][  0]LogPakFile: PakFile PathHashIndexSize=101
[2023.02.10-08.16.42:321][  0]LogPakFile: PakFile FullDirectoryIndexSize=158
[2023.02.10-08.16.42:321][  0]LogShaderLibrary: Display: ShaderCodeLibraryPakFileMountedCallback: PakFile 'C:/Program Files/Epic Games/UE_4.27/FeaturePacks/TP_2DSideScrollerBP.upack' (chunk index -1, root 'root:/') mounted
[2023.02.10-08.16.42:321][  0]LogShaderLibrary: Display: ShaderCodeLibraryPakFileMountedCallback: pending pak file info (ChunkID:-1 Root:root:/ File:C:/Program Files/Epic Games/UE_4.27/FeaturePacks/TP_2DSideScrollerBP.upack)
[2023.02.10-08.16.42:321][  0]LogPakFile: OnPakFileMounted2Time == 0.000037
[2023.02.10-08.16.42:322][  0]LogPakFile: PakFile PrimaryIndexSize=182
[2023.02.10-08.16.42:322][  0]LogPakFile: PakFile PathHashIndexSize=101
[2023.02.10-08.16.42:322][  0]LogPakFile: PakFile FullDirectoryIndexSize=138
[2023.02.10-08.16.42:322][  0]LogShaderLibrary: Display: ShaderCodeLibraryPakFileMountedCallback: PakFile 'C:/Program Files/Epic Games/UE_4.27/FeaturePacks/TP_Flying.upack' (chunk index -1, root 'root:/') mounted
[2023.02.10-08.16.42:322][  0]LogShaderLibrary: Display: ShaderCodeLibraryPakFileMountedCallback: pending pak file info (ChunkID:-1 Root:root:/ File:C:/Program Files/Epic Games/UE_4.27/FeaturePacks/TP_Flying.upack)
[2023.02.10-08.16.42:322][  0]LogPakFile: OnPakFileMounted2Time == 0.000033
[2023.02.10-08.16.42:322][  0]LogPakFile: PakFile PrimaryIndexSize=184
[2023.02.10-08.16.42:322][  0]LogPakFile: PakFile PathHashIndexSize=101
[2023.02.10-08.16.42:322][  0]LogPakFile: PakFile FullDirectoryIndexSize=142
[2023.02.10-08.16.42:322][  0]LogShaderLibrary: Display: ShaderCodeLibraryPakFileMountedCallback: PakFile 'C:/Program Files/Epic Games/UE_4.27/FeaturePacks/TP_FlyingBP.upack' (chunk index -1, root 'root:/') mounted
[2023.02.10-08.16.42:322][  0]LogShaderLibrary: Display: ShaderCodeLibraryPakFileMountedCallback: pending pak file info (ChunkID:-1 Root:root:/ File:C:/Program Files/Epic Games/UE_4.27/FeaturePacks/TP_FlyingBP.upack)
[2023.02.10-08.16.42:322][  0]LogPakFile: OnPakFileMounted2Time == 0.000033
[2023.02.10-08.16.42:323][  0]LogPakFile: PakFile PrimaryIndexSize=188
[2023.02.10-08.16.42:323][  0]LogPakFile: PakFile PathHashIndexSize=101
[2023.02.10-08.16.42:323][  0]LogPakFile: PakFile FullDirectoryIndexSize=150
[2023.02.10-08.16.42:323][  0]LogShaderLibrary: Display: ShaderCodeLibraryPakFileMountedCallback: PakFile 'C:/Program Files/Epic Games/UE_4.27/FeaturePacks/TP_HandheldARBP.upack' (chunk index -1, root 'root:/') mounted
[2023.02.10-08.16.42:323][  0]LogShaderLibrary: Display: ShaderCodeLibraryPakFileMountedCallback: pending pak file info (ChunkID:-1 Root:root:/ File:C:/Program Files/Epic Games/UE_4.27/FeaturePacks/TP_HandheldARBP.upack)
[2023.02.10-08.16.42:323][  0]LogPakFile: OnPakFileMounted2Time == 0.000032
[2023.02.10-08.16.42:324][  0]LogPakFile: PakFile PrimaryIndexSize=182
[2023.02.10-08.16.42:324][  0]LogPakFile: PakFile PathHashIndexSize=101
[2023.02.10-08.16.42:324][  0]LogPakFile: PakFile FullDirectoryIndexSize=138
[2023.02.10-08.16.42:324][  0]LogShaderLibrary: Display: ShaderCodeLibraryPakFileMountedCallback: PakFile 'C:/Program Files/Epic Games/UE_4.27/FeaturePacks/TP_Puzzle.upack' (chunk index -1, root 'root:/') mounted
[2023.02.10-08.16.42:324][  0]LogShaderLibrary: Display: ShaderCodeLibraryPakFileMountedCallback: pending pak file info (ChunkID:-1 Root:root:/ File:C:/Program Files/Epic Games/UE_4.27/FeaturePacks/TP_Puzzle.upack)
[2023.02.10-08.16.42:324][  0]LogPakFile: OnPakFileMounted2Time == 0.000034
[2023.02.10-08.16.42:324][  0]LogPakFile: PakFile PrimaryIndexSize=184
[2023.02.10-08.16.42:324][  0]LogPakFile: PakFile PathHashIndexSize=101
[2023.02.10-08.16.42:324][  0]LogPakFile: PakFile FullDirectoryIndexSize=142
[2023.02.10-08.16.42:324][  0]LogShaderLibrary: Display: ShaderCodeLibraryPakFileMountedCallback: PakFile 'C:/Program Files/Epic Games/UE_4.27/FeaturePacks/TP_PuzzleBP.upack' (chunk index -1, root 'root:/') mounted
[2023.02.10-08.16.42:324][  0]LogShaderLibrary: Display: ShaderCodeLibraryPakFileMountedCallback: pending pak file info (ChunkID:-1 Root:root:/ File:C:/Program Files/Epic Games/UE_4.27/FeaturePacks/TP_PuzzleBP.upack)
[2023.02.10-08.16.42:324][  0]LogPakFile: OnPakFileMounted2Time == 0.000051
[2023.02.10-08.16.42:325][  0]LogPakFile: PakFile PrimaryIndexSize=183
[2023.02.10-08.16.42:325][  0]LogPakFile: PakFile PathHashIndexSize=101
[2023.02.10-08.16.42:325][  0]LogPakFile: PakFile FullDirectoryIndexSize=140
[2023.02.10-08.16.42:325][  0]LogShaderLibrary: Display: ShaderCodeLibraryPakFileMountedCallback: PakFile 'C:/Program Files/Epic Games/UE_4.27/FeaturePacks/TP_Rolling.upack' (chunk index -1, root 'root:/') mounted
[2023.02.10-08.16.42:325][  0]LogShaderLibrary: Display: ShaderCodeLibraryPakFileMountedCallback: pending pak file info (ChunkID:-1 Root:root:/ File:C:/Program Files/Epic Games/UE_4.27/FeaturePacks/TP_Rolling.upack)
[2023.02.10-08.16.42:325][  0]LogPakFile: OnPakFileMounted2Time == 0.000034
[2023.02.10-08.16.42:325][  0]LogPakFile: PakFile PrimaryIndexSize=185
[2023.02.10-08.16.42:325][  0]LogPakFile: PakFile PathHashIndexSize=101
[2023.02.10-08.16.42:325][  0]LogPakFile: PakFile FullDirectoryIndexSize=144
[2023.02.10-08.16.42:325][  0]LogShaderLibrary: Display: ShaderCodeLibraryPakFileMountedCallback: PakFile 'C:/Program Files/Epic Games/UE_4.27/FeaturePacks/TP_RollingBP.upack' (chunk index -1, root 'root:/') mounted
[2023.02.10-08.16.42:325][  0]LogShaderLibrary: Display: ShaderCodeLibraryPakFileMountedCallback: pending pak file info (ChunkID:-1 Root:root:/ File:C:/Program Files/Epic Games/UE_4.27/FeaturePacks/TP_RollingBP.upack)
[2023.02.10-08.16.42:325][  0]LogPakFile: OnPakFileMounted2Time == 0.000034
[2023.02.10-08.16.42:326][  0]LogPakFile: PakFile PrimaryIndexSize=188
[2023.02.10-08.16.42:326][  0]LogPakFile: PakFile PathHashIndexSize=101
[2023.02.10-08.16.42:326][  0]LogPakFile: PakFile FullDirectoryIndexSize=150
[2023.02.10-08.16.42:326][  0]LogShaderLibrary: Display: ShaderCodeLibraryPakFileMountedCallback: PakFile 'C:/Program Files/Epic Games/UE_4.27/FeaturePacks/TP_SideScroller.upack' (chunk index -1, root 'root:/') mounted
[2023.02.10-08.16.42:326][  0]LogShaderLibrary: Display: ShaderCodeLibraryPakFileMountedCallback: pending pak file info (ChunkID:-1 Root:root:/ File:C:/Program Files/Epic Games/UE_4.27/FeaturePacks/TP_SideScroller.upack)
[2023.02.10-08.16.42:326][  0]LogPakFile: OnPakFileMounted2Time == 0.000035
[2023.02.10-08.16.42:327][  0]LogPakFile: PakFile PrimaryIndexSize=190
[2023.02.10-08.16.42:327][  0]LogPakFile: PakFile PathHashIndexSize=101
[2023.02.10-08.16.42:327][  0]LogPakFile: PakFile FullDirectoryIndexSize=154
[2023.02.10-08.16.42:327][  0]LogShaderLibrary: Display: ShaderCodeLibraryPakFileMountedCallback: PakFile 'C:/Program Files/Epic Games/UE_4.27/FeaturePacks/TP_SideScrollerBP.upack' (chunk index -1, root 'root:/') mounted
[2023.02.10-08.16.42:327][  0]LogShaderLibrary: Display: ShaderCodeLibraryPakFileMountedCallback: pending pak file info (ChunkID:-1 Root:root:/ File:C:/Program Files/Epic Games/UE_4.27/FeaturePacks/TP_SideScrollerBP.upack)
[2023.02.10-08.16.42:327][  0]LogPakFile: OnPakFileMounted2Time == 0.000042
[2023.02.10-08.16.42:327][  0]LogPakFile: PakFile PrimaryIndexSize=187
[2023.02.10-08.16.42:327][  0]LogPakFile: PakFile PathHashIndexSize=101
[2023.02.10-08.16.42:327][  0]LogPakFile: PakFile FullDirectoryIndexSize=148
[2023.02.10-08.16.42:327][  0]LogShaderLibrary: Display: ShaderCodeLibraryPakFileMountedCallback: PakFile 'C:/Program Files/Epic Games/UE_4.27/FeaturePacks/TP_ThirdPerson.upack' (chunk index -1, root 'root:/') mounted
[2023.02.10-08.16.42:327][  0]LogShaderLibrary: Display: ShaderCodeLibraryPakFileMountedCallback: pending pak file info (ChunkID:-1 Root:root:/ File:C:/Program Files/Epic Games/UE_4.27/FeaturePacks/TP_ThirdPerson.upack)
[2023.02.10-08.16.42:327][  0]LogPakFile: OnPakFileMounted2Time == 0.000031
[2023.02.10-08.16.42:328][  0]LogPakFile: PakFile PrimaryIndexSize=189
[2023.02.10-08.16.42:328][  0]LogPakFile: PakFile PathHashIndexSize=101
[2023.02.10-08.16.42:328][  0]LogPakFile: PakFile FullDirectoryIndexSize=152
[2023.02.10-08.16.42:328][  0]LogShaderLibrary: Display: ShaderCodeLibraryPakFileMountedCallback: PakFile 'C:/Program Files/Epic Games/UE_4.27/FeaturePacks/TP_ThirdPersonBP.upack' (chunk index -1, root 'root:/') mounted
[2023.02.10-08.16.42:328][  0]LogShaderLibrary: Display: ShaderCodeLibraryPakFileMountedCallback: pending pak file info (ChunkID:-1 Root:root:/ File:C:/Program Files/Epic Games/UE_4.27/FeaturePacks/TP_ThirdPersonBP.upack)
[2023.02.10-08.16.42:328][  0]LogPakFile: OnPakFileMounted2Time == 0.000033
[2023.02.10-08.16.42:328][  0]LogPakFile: PakFile PrimaryIndexSize=183
[2023.02.10-08.16.42:328][  0]LogPakFile: PakFile PathHashIndexSize=101
[2023.02.10-08.16.42:328][  0]LogPakFile: PakFile FullDirectoryIndexSize=140
[2023.02.10-08.16.42:328][  0]LogShaderLibrary: Display: ShaderCodeLibraryPakFileMountedCallback: PakFile 'C:/Program Files/Epic Games/UE_4.27/FeaturePacks/TP_TopDown.upack' (chunk index -1, root 'root:/') mounted
[2023.02.10-08.16.42:328][  0]LogShaderLibrary: Display: ShaderCodeLibraryPakFileMountedCallback: pending pak file info (ChunkID:-1 Root:root:/ File:C:/Program Files/Epic Games/UE_4.27/FeaturePacks/TP_TopDown.upack)
[2023.02.10-08.16.42:328][  0]LogPakFile: OnPakFileMounted2Time == 0.000039
[2023.02.10-08.16.42:329][  0]LogPakFile: PakFile PrimaryIndexSize=185
[2023.02.10-08.16.42:329][  0]LogPakFile: PakFile PathHashIndexSize=101
[2023.02.10-08.16.42:329][  0]LogPakFile: PakFile FullDirectoryIndexSize=144
[2023.02.10-08.16.42:329][  0]LogShaderLibrary: Display: ShaderCodeLibraryPakFileMountedCallback: PakFile 'C:/Program Files/Epic Games/UE_4.27/FeaturePacks/TP_TopDownBP.upack' (chunk index -1, root 'root:/') mounted
[2023.02.10-08.16.42:329][  0]LogShaderLibrary: Display: ShaderCodeLibraryPakFileMountedCallback: pending pak file info (ChunkID:-1 Root:root:/ File:C:/Program Files/Epic Games/UE_4.27/FeaturePacks/TP_TopDownBP.upack)
[2023.02.10-08.16.42:329][  0]LogPakFile: OnPakFileMounted2Time == 0.000034
[2023.02.10-08.16.42:329][  0]LogPakFile: PakFile PrimaryIndexSize=185
[2023.02.10-08.16.42:329][  0]LogPakFile: PakFile PathHashIndexSize=101
[2023.02.10-08.16.42:329][  0]LogPakFile: PakFile FullDirectoryIndexSize=144
[2023.02.10-08.16.42:329][  0]LogShaderLibrary: Display: ShaderCodeLibraryPakFileMountedCallback: PakFile 'C:/Program Files/Epic Games/UE_4.27/FeaturePacks/TP_TwinStick.upack' (chunk index -1, root 'root:/') mounted
[2023.02.10-08.16.42:329][  0]LogShaderLibrary: Display: ShaderCodeLibraryPakFileMountedCallback: pending pak file info (ChunkID:-1 Root:root:/ File:C:/Program Files/Epic Games/UE_4.27/FeaturePacks/TP_TwinStick.upack)
[2023.02.10-08.16.42:329][  0]LogPakFile: OnPakFileMounted2Time == 0.000032
[2023.02.10-08.16.42:330][  0]LogPakFile: PakFile PrimaryIndexSize=187
[2023.02.10-08.16.42:330][  0]LogPakFile: PakFile PathHashIndexSize=101
[2023.02.10-08.16.42:330][  0]LogPakFile: PakFile FullDirectoryIndexSize=148
[2023.02.10-08.16.42:330][  0]LogShaderLibrary: Display: ShaderCodeLibraryPakFileMountedCallback: PakFile 'C:/Program Files/Epic Games/UE_4.27/FeaturePacks/TP_TwinStickBP.upack' (chunk index -1, root 'root:/') mounted
[2023.02.10-08.16.42:330][  0]LogShaderLibrary: Display: ShaderCodeLibraryPakFileMountedCallback: pending pak file info (ChunkID:-1 Root:root:/ File:C:/Program Files/Epic Games/UE_4.27/FeaturePacks/TP_TwinStickBP.upack)
[2023.02.10-08.16.42:330][  0]LogPakFile: OnPakFileMounted2Time == 0.000032
[2023.02.10-08.16.42:330][  0]LogPakFile: PakFile PrimaryIndexSize=183
[2023.02.10-08.16.42:330][  0]LogPakFile: PakFile PathHashIndexSize=101
[2023.02.10-08.16.42:330][  0]LogPakFile: PakFile FullDirectoryIndexSize=140
[2023.02.10-08.16.42:331][  0]LogShaderLibrary: Display: ShaderCodeLibraryPakFileMountedCallback: PakFile 'C:/Program Files/Epic Games/UE_4.27/FeaturePacks/TP_Vehicle.upack' (chunk index -1, root 'root:/') mounted
[2023.02.10-08.16.42:331][  0]LogShaderLibrary: Display: ShaderCodeLibraryPakFileMountedCallback: pending pak file info (ChunkID:-1 Root:root:/ File:C:/Program Files/Epic Games/UE_4.27/FeaturePacks/TP_Vehicle.upack)
[2023.02.10-08.16.42:331][  0]LogPakFile: OnPakFileMounted2Time == 0.000032
[2023.02.10-08.16.42:331][  0]LogPakFile: PakFile PrimaryIndexSize=186
[2023.02.10-08.16.42:331][  0]LogPakFile: PakFile PathHashIndexSize=101
[2023.02.10-08.16.42:331][  0]LogPakFile: PakFile FullDirectoryIndexSize=146
[2023.02.10-08.16.42:331][  0]LogShaderLibrary: Display: ShaderCodeLibraryPakFileMountedCallback: PakFile 'C:/Program Files/Epic Games/UE_4.27/FeaturePacks/TP_VehicleAdv.upack' (chunk index -1, root 'root:/') mounted
[2023.02.10-08.16.42:331][  0]LogShaderLibrary: Display: ShaderCodeLibraryPakFileMountedCallback: pending pak file info (ChunkID:-1 Root:root:/ File:C:/Program Files/Epic Games/UE_4.27/FeaturePacks/TP_VehicleAdv.upack)
[2023.02.10-08.16.42:331][  0]LogPakFile: OnPakFileMounted2Time == 0.000032
[2023.02.10-08.16.42:332][  0]LogPakFile: PakFile PrimaryIndexSize=188
[2023.02.10-08.16.42:332][  0]LogPakFile: PakFile PathHashIndexSize=101
[2023.02.10-08.16.42:332][  0]LogPakFile: PakFile FullDirectoryIndexSize=150
[2023.02.10-08.16.42:332][  0]LogShaderLibrary: Display: ShaderCodeLibraryPakFileMountedCallback: PakFile 'C:/Program Files/Epic Games/UE_4.27/FeaturePacks/TP_VehicleAdvBP.upack' (chunk index -1, root 'root:/') mounted
[2023.02.10-08.16.42:332][  0]LogShaderLibrary: Display: ShaderCodeLibraryPakFileMountedCallback: pending pak file info (ChunkID:-1 Root:root:/ File:C:/Program Files/Epic Games/UE_4.27/FeaturePacks/TP_VehicleAdvBP.upack)
[2023.02.10-08.16.42:332][  0]LogPakFile: OnPakFileMounted2Time == 0.000051
[2023.02.10-08.16.42:332][  0]LogPakFile: PakFile PrimaryIndexSize=185
[2023.02.10-08.16.42:332][  0]LogPakFile: PakFile PathHashIndexSize=101
[2023.02.10-08.16.42:332][  0]LogPakFile: PakFile FullDirectoryIndexSize=144
[2023.02.10-08.16.42:332][  0]LogShaderLibrary: Display: ShaderCodeLibraryPakFileMountedCallback: PakFile 'C:/Program Files/Epic Games/UE_4.27/FeaturePacks/TP_VehicleBP.upack' (chunk index -1, root 'root:/') mounted
[2023.02.10-08.16.42:333][  0]LogShaderLibrary: Display: ShaderCodeLibraryPakFileMountedCallback: pending pak file info (ChunkID:-1 Root:root:/ File:C:/Program Files/Epic Games/UE_4.27/FeaturePacks/TP_VehicleBP.upack)
[2023.02.10-08.16.42:333][  0]LogPakFile: OnPakFileMounted2Time == 0.000043
[2023.02.10-08.16.42:333][  0]LogPakFile: PakFile PrimaryIndexSize=192
[2023.02.10-08.16.42:333][  0]LogPakFile: PakFile PathHashIndexSize=101
[2023.02.10-08.16.42:333][  0]LogPakFile: PakFile FullDirectoryIndexSize=158
[2023.02.10-08.16.42:333][  0]LogShaderLibrary: Display: ShaderCodeLibraryPakFileMountedCallback: PakFile 'C:/Program Files/Epic Games/UE_4.27/FeaturePacks/TP_VirtualRealityBP.upack' (chunk index -1, root 'root:/') mounted
[2023.02.10-08.16.42:333][  0]LogShaderLibrary: Display: ShaderCodeLibraryPakFileMountedCallback: pending pak file info (ChunkID:-1 Root:root:/ File:C:/Program Files/Epic Games/UE_4.27/FeaturePacks/TP_VirtualRealityBP.upack)
[2023.02.10-08.16.42:333][  0]LogPakFile: OnPakFileMounted2Time == 0.000039
[2023.02.10-08.16.42:430][  0]LogNativeClassHierarchy: Verbose: Native class hierarchy updated for 'AddContentDialog' in 0.0004 seconds. Added 0 classes and 0 folders.
[2023.02.10-08.16.42:432][  0]LogNativeClassHierarchy: Verbose: Native class hierarchy updated for 'SceneOutliner' in 0.0005 seconds. Added 2 classes and 0 folders.
[2023.02.10-08.16.42:521][  0]LogNativeClassHierarchy: Verbose: Native class hierarchy updated for 'HierarchicalLODOutliner' in 0.0003 seconds. Added 0 classes and 0 folders.
[2023.02.10-08.16.42:521][  0]LogLoad: (Engine Initialization) Total time: 10.28 seconds
[2023.02.10-08.16.42:521][  0]LogLoad: (Engine Initialization) Total Blueprint compile time: 0.00 seconds
[2023.02.10-08.16.42:567][  0]LogAssetRegistry: Asset discovery search completed in 5.3641 seconds
[2023.02.10-08.16.42:573][  0]LogCollectionManager: Fixed up redirectors for 0 collections in 0.000004 seconds (updated 0 objects)
[2023.02.10-08.16.42:575][  0]LogContentStreaming: Texture pool size now 1000 MB
[2023.02.10-08.16.42:581][  0]LogSlate: Took 0.000218 seconds to synchronously load lazily loaded font '../../../Engine/Content/Slate/Fonts/Roboto-Regular.ttf' (155K)
[2023.02.10-08.16.42:582][  0]LogSlate: Took 0.000150 seconds to synchronously load lazily loaded font '../../../Engine/Content/Editor/Slate/Fonts/FontAwesome.ttf' (139K)
[2023.02.10-08.16.42:583][  0]LogSlate: Took 0.000244 seconds to synchronously load lazily loaded font '../../../Engine/Content/Editor/Slate/Fonts/GenEiGothicPro-Regular.otf' (707K)
[2023.02.10-08.16.42:583][  0]LogSlate: Took 0.000289 seconds to synchronously load lazily loaded font '../../../Engine/Content/Editor/Slate/Fonts/GenEiGothicPro-Bold.otf' (698K)
[2023.02.10-08.16.42:584][  0]LogSlate: Took 0.000175 seconds to synchronously load lazily loaded font '../../../Engine/Content/Slate/Fonts/Roboto-Bold.ttf' (160K)
[2023.02.10-08.16.43:162][  0]LogRenderer: Reallocating scene render targets to support 700x296 Format 10 NumSamples 1 (Frame:1).
[2023.02.10-08.16.43:162][  0]LogSlate: Took 0.000245 seconds to synchronously load lazily loaded font '../../../Engine/Content/Slate/Fonts/Roboto-Light.ttf' (167K)
[2023.02.10-08.16.49:712][759]LogEditorViewport: Clicking on Actor (LMB): StaticMeshActor (Cylinder)
[2023.02.10-08.16.52:464][ 81]LogEditorViewport: Clicking on Actor (LMB): SideScrollerCharacter_C (SideScrollerCharacter)
[2023.02.10-08.16.54:056][229]LogRenderer: Reallocating scene render targets to support 836x352 Format 10 NumSamples 1 (Frame:1355).
[2023.02.10-08.16.57:635][648]LogEditorViewport: Clicking on Actor (LMB): StaticMeshActor (Cylinder)
[2023.02.10-08.16.58:314][723]LogEditorViewport: Clicking on Actor (LMB): StaticMeshActor (Floor)
[2023.02.10-08.17.01:382][ 85]LogEditorViewport: Clicking on Actor (LMB): StaticMeshActor (Cylinder)
[2023.02.10-08.17.08:692][945]Cmd: DELETE
[2023.02.10-08.17.08:692][945]Cmd: ACTOR DELETE
[2023.02.10-08.17.08:695][945]LogEditorActor: Deleted Actor: StaticMeshActor
[2023.02.10-08.17.08:704][945]LogUObjectHash: Compacting FUObjectHashTables data took   0.59ms
[2023.02.10-08.17.08:705][945]LogEditorActor: Deleted 1 Actors (0.013 secs)
[2023.02.10-08.17.10:063][106]LogSlate: Took 0.000284 seconds to synchronously load lazily loaded font '../../../Engine/Content/Slate/Fonts/Roboto-Light.ttf' (167K)
[2023.02.10-08.17.10:064][106]LogSlate: Took 0.000314 seconds to synchronously load lazily loaded font '../../../Engine/Content/Editor/Slate/Fonts/GenEiGothicPro-Light.otf' (713K)
[2023.02.10-08.17.10:093][106]LogUObjectHash: Compacting FUObjectHashTables data took   0.29ms
[2023.02.10-08.17.10:135][106]LogSavePackage: Moving '../../../../../../PG/tataku/tatakugame/Saved/SideScrollerExampleMap90395D4F404F0BFA22CC2AAB0291DE13.tmp' to '../../../../../../PG/tataku/tatakugame/Content/SideScrollerBP/Maps/SideScrollerExampleMap.umap'
[2023.02.10-08.17.10:164][106]AssetCheck: New page: アセット保存：SideScrollerExampleMap
[2023.02.10-08.17.10:165][106]LogContentValidation: Display: World /Game/SideScrollerBP/Maps/SideScrollerExampleMap.SideScrollerExampleMap を検証しています
